{"C:\\Users\\FE\\personal\\항해\\front_5th_chapter2-3\\src\\App.tsx": {"path":"C:\\Users\\FE\\personal\\항해\\front_5th_chapter2-3\\src\\App.tsx","all":true,"statementMap":{"0":{"start":{"line":1,"column":0},"end":{"line":1,"column":58}},"1":{"start":{"line":2,"column":0},"end":{"line":2,"column":44}},"2":{"start":{"line":3,"column":0},"end":{"line":3,"column":44}},"3":{"start":{"line":4,"column":0},"end":{"line":4,"column":59}},"4":{"start":{"line":5,"column":0},"end":{"line":5,"column":0}},"5":{"start":{"line":6,"column":0},"end":{"line":6,"column":19}},"6":{"start":{"line":7,"column":0},"end":{"line":7,"column":10}},"7":{"start":{"line":8,"column":0},"end":{"line":8,"column":12}},"8":{"start":{"line":9,"column":0},"end":{"line":9,"column":50}},"9":{"start":{"line":10,"column":0},"end":{"line":10,"column":18}},"10":{"start":{"line":11,"column":0},"end":{"line":11,"column":64}},"11":{"start":{"line":12,"column":0},"end":{"line":12,"column":30}},"12":{"start":{"line":13,"column":0},"end":{"line":13,"column":15}},"13":{"start":{"line":14,"column":0},"end":{"line":14,"column":18}},"14":{"start":{"line":15,"column":0},"end":{"line":15,"column":12}},"15":{"start":{"line":16,"column":0},"end":{"line":16,"column":13}},"16":{"start":{"line":17,"column":0},"end":{"line":17,"column":3}},"17":{"start":{"line":18,"column":0},"end":{"line":18,"column":1}},"18":{"start":{"line":19,"column":0},"end":{"line":19,"column":0}},"19":{"start":{"line":20,"column":0},"end":{"line":20,"column":18}}},"s":{"0":0,"1":0,"2":0,"3":0,"4":0,"5":0,"6":0,"7":0,"8":0,"9":0,"10":0,"11":0,"12":0,"13":0,"14":0,"15":0,"16":0,"17":0,"18":0,"19":0},"branchMap":{"0":{"type":"branch","line":1,"loc":{"start":{"line":1,"column":0},"end":{"line":20,"column":18}},"locations":[{"start":{"line":1,"column":0},"end":{"line":20,"column":18}}]}},"b":{"0":[0]},"fnMap":{"0":{"name":"(empty-report)","decl":{"start":{"line":1,"column":0},"end":{"line":20,"column":18}},"loc":{"start":{"line":1,"column":0},"end":{"line":20,"column":18}},"line":1}},"f":{"0":0}}
,"C:\\Users\\FE\\personal\\항해\\front_5th_chapter2-3\\src\\index.tsx": {"path":"C:\\Users\\FE\\personal\\항해\\front_5th_chapter2-3\\src\\index.tsx","all":true,"statementMap":{"0":{"start":{"line":1,"column":0},"end":{"line":1,"column":25}},"1":{"start":{"line":2,"column":0},"end":{"line":2,"column":39}},"2":{"start":{"line":3,"column":0},"end":{"line":3,"column":58}},"3":{"start":{"line":4,"column":0},"end":{"line":4,"column":23}},"4":{"start":{"line":5,"column":0},"end":{"line":5,"column":0}},"5":{"start":{"line":6,"column":0},"end":{"line":6,"column":61}},"6":{"start":{"line":7,"column":0},"end":{"line":7,"column":20}},"7":{"start":{"line":8,"column":0},"end":{"line":8,"column":12}},"8":{"start":{"line":9,"column":0},"end":{"line":9,"column":13}},"9":{"start":{"line":10,"column":0},"end":{"line":10,"column":13}},"10":{"start":{"line":11,"column":0},"end":{"line":11,"column":22}},"11":{"start":{"line":12,"column":0},"end":{"line":12,"column":1}}},"s":{"0":0,"1":0,"2":0,"3":0,"4":0,"5":0,"6":0,"7":0,"8":0,"9":0,"10":0,"11":0},"branchMap":{"0":{"type":"branch","line":1,"loc":{"start":{"line":1,"column":0},"end":{"line":12,"column":1}},"locations":[{"start":{"line":1,"column":0},"end":{"line":12,"column":1}}]}},"b":{"0":[0]},"fnMap":{"0":{"name":"(empty-report)","decl":{"start":{"line":1,"column":0},"end":{"line":12,"column":1}},"loc":{"start":{"line":1,"column":0},"end":{"line":12,"column":1}},"line":1}},"f":{"0":0}}
,"C:\\Users\\FE\\personal\\항해\\front_5th_chapter2-3\\src\\main.tsx": {"path":"C:\\Users\\FE\\personal\\항해\\front_5th_chapter2-3\\src\\main.tsx","all":true,"statementMap":{"0":{"start":{"line":1,"column":0},"end":{"line":1,"column":34}},"1":{"start":{"line":2,"column":0},"end":{"line":2,"column":45}},"2":{"start":{"line":3,"column":0},"end":{"line":3,"column":20}},"3":{"start":{"line":4,"column":0},"end":{"line":4,"column":27}},"4":{"start":{"line":5,"column":0},"end":{"line":5,"column":0}},"5":{"start":{"line":6,"column":0},"end":{"line":6,"column":52}},"6":{"start":{"line":7,"column":0},"end":{"line":7,"column":14}},"7":{"start":{"line":8,"column":0},"end":{"line":8,"column":11}},"8":{"start":{"line":9,"column":0},"end":{"line":9,"column":16}},"9":{"start":{"line":10,"column":0},"end":{"line":10,"column":1}}},"s":{"0":0,"1":0,"2":0,"3":0,"4":0,"5":0,"6":0,"7":0,"8":0,"9":0},"branchMap":{"0":{"type":"branch","line":1,"loc":{"start":{"line":1,"column":0},"end":{"line":10,"column":1}},"locations":[{"start":{"line":1,"column":0},"end":{"line":10,"column":1}}]}},"b":{"0":[0]},"fnMap":{"0":{"name":"(empty-report)","decl":{"start":{"line":1,"column":0},"end":{"line":10,"column":1}},"loc":{"start":{"line":1,"column":0},"end":{"line":10,"column":1}},"line":1}},"f":{"0":0}}
,"C:\\Users\\FE\\personal\\항해\\front_5th_chapter2-3\\src\\pages\\PostsManagerPage.tsx": {"path":"C:\\Users\\FE\\personal\\항해\\front_5th_chapter2-3\\src\\pages\\PostsManagerPage.tsx","all":false,"statementMap":{"0":{"start":{"line":1,"column":0},"end":{"line":1,"column":43}},"1":{"start":{"line":2,"column":0},"end":{"line":2,"column":95}},"2":{"start":{"line":3,"column":0},"end":{"line":3,"column":59}},"3":{"start":{"line":4,"column":0},"end":{"line":4,"column":8}},"28":{"start":{"line":29,"column":0},"end":{"line":29,"column":28}},"29":{"start":{"line":30,"column":0},"end":{"line":30,"column":32}},"30":{"start":{"line":31,"column":0},"end":{"line":31,"column":32}},"31":{"start":{"line":32,"column":0},"end":{"line":32,"column":58}},"34":{"start":{"line":35,"column":0},"end":{"line":35,"column":40}},"35":{"start":{"line":36,"column":0},"end":{"line":36,"column":39}},"36":{"start":{"line":37,"column":0},"end":{"line":37,"column":76}},"37":{"start":{"line":38,"column":0},"end":{"line":38,"column":80}},"38":{"start":{"line":39,"column":0},"end":{"line":39,"column":81}},"39":{"start":{"line":40,"column":0},"end":{"line":40,"column":56}},"40":{"start":{"line":41,"column":0},"end":{"line":41,"column":71}},"41":{"start":{"line":42,"column":0},"end":{"line":42,"column":83}},"42":{"start":{"line":43,"column":0},"end":{"line":43,"column":59}},"43":{"start":{"line":44,"column":0},"end":{"line":44,"column":61}},"44":{"start":{"line":45,"column":0},"end":{"line":45,"column":76}},"45":{"start":{"line":46,"column":0},"end":{"line":46,"column":47}},"46":{"start":{"line":47,"column":0},"end":{"line":47,"column":38}},"47":{"start":{"line":48,"column":0},"end":{"line":48,"column":78}},"48":{"start":{"line":49,"column":0},"end":{"line":49,"column":46}},"49":{"start":{"line":50,"column":0},"end":{"line":50,"column":62}},"50":{"start":{"line":51,"column":0},"end":{"line":51,"column":85}},"51":{"start":{"line":52,"column":0},"end":{"line":52,"column":73}},"52":{"start":{"line":53,"column":0},"end":{"line":53,"column":75}},"53":{"start":{"line":54,"column":0},"end":{"line":54,"column":73}},"54":{"start":{"line":55,"column":0},"end":{"line":55,"column":59}},"55":{"start":{"line":56,"column":0},"end":{"line":56,"column":56}},"58":{"start":{"line":59,"column":0},"end":{"line":59,"column":27}},"59":{"start":{"line":60,"column":0},"end":{"line":60,"column":40}},"60":{"start":{"line":61,"column":0},"end":{"line":61,"column":49}},"61":{"start":{"line":62,"column":0},"end":{"line":62,"column":52}},"62":{"start":{"line":63,"column":0},"end":{"line":63,"column":54}},"63":{"start":{"line":64,"column":0},"end":{"line":64,"column":44}},"64":{"start":{"line":65,"column":0},"end":{"line":65,"column":53}},"65":{"start":{"line":66,"column":0},"end":{"line":66,"column":51}},"66":{"start":{"line":67,"column":0},"end":{"line":67,"column":37}},"67":{"start":{"line":68,"column":0},"end":{"line":68,"column":3}},"70":{"start":{"line":71,"column":0},"end":{"line":71,"column":28}},"71":{"start":{"line":72,"column":0},"end":{"line":72,"column":20}},"72":{"start":{"line":73,"column":0},"end":{"line":73,"column":17}},"73":{"start":{"line":74,"column":0},"end":{"line":74,"column":17}},"75":{"start":{"line":76,"column":0},"end":{"line":76,"column":51}},"76":{"start":{"line":77,"column":0},"end":{"line":77,"column":42}},"77":{"start":{"line":78,"column":0},"end":{"line":78,"column":23}},"78":{"start":{"line":79,"column":0},"end":{"line":79,"column":24}},"79":{"start":{"line":80,"column":0},"end":{"line":80,"column":64}},"80":{"start":{"line":81,"column":0},"end":{"line":81,"column":8}},"81":{"start":{"line":82,"column":0},"end":{"line":82,"column":42}},"82":{"start":{"line":83,"column":0},"end":{"line":83,"column":24}},"83":{"start":{"line":84,"column":0},"end":{"line":84,"column":31}},"84":{"start":{"line":85,"column":0},"end":{"line":85,"column":63}},"85":{"start":{"line":86,"column":0},"end":{"line":86,"column":18}},"86":{"start":{"line":87,"column":0},"end":{"line":87,"column":68}},"87":{"start":{"line":88,"column":0},"end":{"line":88,"column":11}},"88":{"start":{"line":89,"column":0},"end":{"line":89,"column":32}},"89":{"start":{"line":90,"column":0},"end":{"line":90,"column":33}},"90":{"start":{"line":91,"column":0},"end":{"line":91,"column":8}},"91":{"start":{"line":92,"column":0},"end":{"line":92,"column":25}},"92":{"start":{"line":93,"column":0},"end":{"line":93,"column":44}},"93":{"start":{"line":94,"column":0},"end":{"line":94,"column":8}},"94":{"start":{"line":95,"column":0},"end":{"line":95,"column":22}},"95":{"start":{"line":96,"column":0},"end":{"line":96,"column":25}},"96":{"start":{"line":97,"column":0},"end":{"line":97,"column":8}},"97":{"start":{"line":98,"column":0},"end":{"line":98,"column":3}},"100":{"start":{"line":101,"column":0},"end":{"line":101,"column":33}},"101":{"start":{"line":102,"column":0},"end":{"line":102,"column":9}},"102":{"start":{"line":103,"column":0},"end":{"line":103,"column":53}},"103":{"start":{"line":104,"column":0},"end":{"line":104,"column":40}},"104":{"start":{"line":105,"column":0},"end":{"line":105,"column":19}},"105":{"start":{"line":106,"column":0},"end":{"line":106,"column":21}},"106":{"start":{"line":107,"column":0},"end":{"line":107,"column":41}},"107":{"start":{"line":108,"column":0},"end":{"line":108,"column":5}},"108":{"start":{"line":109,"column":0},"end":{"line":109,"column":3}},"111":{"start":{"line":112,"column":0},"end":{"line":112,"column":35}},"112":{"start":{"line":113,"column":0},"end":{"line":113,"column":23}},"113":{"start":{"line":114,"column":0},"end":{"line":114,"column":18}},"114":{"start":{"line":115,"column":0},"end":{"line":115,"column":12}},"115":{"start":{"line":116,"column":0},"end":{"line":116,"column":5}},"116":{"start":{"line":117,"column":0},"end":{"line":117,"column":20}},"117":{"start":{"line":118,"column":0},"end":{"line":118,"column":9}},"118":{"start":{"line":119,"column":0},"end":{"line":119,"column":72}},"119":{"start":{"line":120,"column":0},"end":{"line":120,"column":40}},"120":{"start":{"line":121,"column":0},"end":{"line":121,"column":26}},"121":{"start":{"line":122,"column":0},"end":{"line":122,"column":26}},"122":{"start":{"line":123,"column":0},"end":{"line":123,"column":21}},"123":{"start":{"line":124,"column":0},"end":{"line":124,"column":40}},"124":{"start":{"line":125,"column":0},"end":{"line":125,"column":5}},"125":{"start":{"line":126,"column":0},"end":{"line":126,"column":21}},"126":{"start":{"line":127,"column":0},"end":{"line":127,"column":3}},"129":{"start":{"line":130,"column":0},"end":{"line":130,"column":42}},"130":{"start":{"line":131,"column":0},"end":{"line":131,"column":32}},"131":{"start":{"line":132,"column":0},"end":{"line":132,"column":18}},"132":{"start":{"line":133,"column":0},"end":{"line":133,"column":12}},"133":{"start":{"line":134,"column":0},"end":{"line":134,"column":5}},"134":{"start":{"line":135,"column":0},"end":{"line":135,"column":20}},"135":{"start":{"line":136,"column":0},"end":{"line":136,"column":9}},"136":{"start":{"line":137,"column":0},"end":{"line":137,"column":64}},"137":{"start":{"line":138,"column":0},"end":{"line":138,"column":39}},"138":{"start":{"line":139,"column":0},"end":{"line":139,"column":58}},"139":{"start":{"line":140,"column":0},"end":{"line":140,"column":8}},"140":{"start":{"line":141,"column":0},"end":{"line":141,"column":50}},"141":{"start":{"line":142,"column":0},"end":{"line":142,"column":50}},"143":{"start":{"line":144,"column":0},"end":{"line":144,"column":61}},"144":{"start":{"line":145,"column":0},"end":{"line":145,"column":16}},"145":{"start":{"line":146,"column":0},"end":{"line":146,"column":72}},"146":{"start":{"line":147,"column":0},"end":{"line":147,"column":9}},"148":{"start":{"line":149,"column":0},"end":{"line":149,"column":30}},"149":{"start":{"line":150,"column":0},"end":{"line":150,"column":31}},"150":{"start":{"line":151,"column":0},"end":{"line":151,"column":21}},"151":{"start":{"line":152,"column":0},"end":{"line":152,"column":46}},"152":{"start":{"line":153,"column":0},"end":{"line":153,"column":5}},"153":{"start":{"line":154,"column":0},"end":{"line":154,"column":21}},"154":{"start":{"line":155,"column":0},"end":{"line":155,"column":3}},"157":{"start":{"line":158,"column":0},"end":{"line":158,"column":31}},"158":{"start":{"line":159,"column":0},"end":{"line":159,"column":9}},"159":{"start":{"line":160,"column":0},"end":{"line":160,"column":54}},"160":{"start":{"line":161,"column":0},"end":{"line":161,"column":23}},"161":{"start":{"line":162,"column":0},"end":{"line":162,"column":56}},"162":{"start":{"line":163,"column":0},"end":{"line":163,"column":38}},"163":{"start":{"line":164,"column":0},"end":{"line":164,"column":8}},"164":{"start":{"line":165,"column":0},"end":{"line":165,"column":40}},"165":{"start":{"line":166,"column":0},"end":{"line":166,"column":32}},"166":{"start":{"line":167,"column":0},"end":{"line":167,"column":29}},"167":{"start":{"line":168,"column":0},"end":{"line":168,"column":52}},"168":{"start":{"line":169,"column":0},"end":{"line":169,"column":21}},"169":{"start":{"line":170,"column":0},"end":{"line":170,"column":40}},"170":{"start":{"line":171,"column":0},"end":{"line":171,"column":5}},"171":{"start":{"line":172,"column":0},"end":{"line":172,"column":3}},"174":{"start":{"line":175,"column":0},"end":{"line":175,"column":34}},"175":{"start":{"line":176,"column":0},"end":{"line":176,"column":9}},"176":{"start":{"line":177,"column":0},"end":{"line":177,"column":69}},"177":{"start":{"line":178,"column":0},"end":{"line":178,"column":22}},"178":{"start":{"line":179,"column":0},"end":{"line":179,"column":56}},"179":{"start":{"line":180,"column":0},"end":{"line":180,"column":43}},"180":{"start":{"line":181,"column":0},"end":{"line":181,"column":8}},"181":{"start":{"line":182,"column":0},"end":{"line":182,"column":40}},"182":{"start":{"line":183,"column":0},"end":{"line":183,"column":72}},"183":{"start":{"line":184,"column":0},"end":{"line":184,"column":30}},"184":{"start":{"line":185,"column":0},"end":{"line":185,"column":21}},"185":{"start":{"line":186,"column":0},"end":{"line":186,"column":42}},"186":{"start":{"line":187,"column":0},"end":{"line":187,"column":5}},"187":{"start":{"line":188,"column":0},"end":{"line":188,"column":3}},"190":{"start":{"line":191,"column":0},"end":{"line":191,"column":36}},"191":{"start":{"line":192,"column":0},"end":{"line":192,"column":9}},"192":{"start":{"line":193,"column":0},"end":{"line":193,"column":39}},"193":{"start":{"line":194,"column":0},"end":{"line":194,"column":25}},"194":{"start":{"line":195,"column":0},"end":{"line":195,"column":8}},"195":{"start":{"line":196,"column":0},"end":{"line":196,"column":54}},"196":{"start":{"line":197,"column":0},"end":{"line":197,"column":21}},"197":{"start":{"line":198,"column":0},"end":{"line":198,"column":40}},"198":{"start":{"line":199,"column":0},"end":{"line":199,"column":5}},"199":{"start":{"line":200,"column":0},"end":{"line":200,"column":3}},"202":{"start":{"line":203,"column":0},"end":{"line":203,"column":43}},"203":{"start":{"line":204,"column":0},"end":{"line":204,"column":61}},"204":{"start":{"line":205,"column":0},"end":{"line":205,"column":9}},"205":{"start":{"line":206,"column":0},"end":{"line":206,"column":66}},"206":{"start":{"line":207,"column":0},"end":{"line":207,"column":40}},"207":{"start":{"line":208,"column":0},"end":{"line":208,"column":67}},"208":{"start":{"line":209,"column":0},"end":{"line":209,"column":21}},"209":{"start":{"line":210,"column":0},"end":{"line":210,"column":41}},"210":{"start":{"line":211,"column":0},"end":{"line":211,"column":5}},"211":{"start":{"line":212,"column":0},"end":{"line":212,"column":3}},"214":{"start":{"line":215,"column":0},"end":{"line":215,"column":34}},"215":{"start":{"line":216,"column":0},"end":{"line":216,"column":9}},"216":{"start":{"line":217,"column":0},"end":{"line":217,"column":57}},"217":{"start":{"line":218,"column":0},"end":{"line":218,"column":23}},"218":{"start":{"line":219,"column":0},"end":{"line":219,"column":56}},"219":{"start":{"line":220,"column":0},"end":{"line":220,"column":41}},"220":{"start":{"line":221,"column":0},"end":{"line":221,"column":8}},"221":{"start":{"line":222,"column":0},"end":{"line":222,"column":40}},"222":{"start":{"line":223,"column":0},"end":{"line":223,"column":30}},"223":{"start":{"line":224,"column":0},"end":{"line":224,"column":16}},"224":{"start":{"line":225,"column":0},"end":{"line":225,"column":60}},"225":{"start":{"line":226,"column":0},"end":{"line":226,"column":9}},"226":{"start":{"line":227,"column":0},"end":{"line":227,"column":36}},"227":{"start":{"line":228,"column":0},"end":{"line":228,"column":58}},"228":{"start":{"line":229,"column":0},"end":{"line":229,"column":21}},"229":{"start":{"line":230,"column":0},"end":{"line":230,"column":39}},"230":{"start":{"line":231,"column":0},"end":{"line":231,"column":5}},"231":{"start":{"line":232,"column":0},"end":{"line":232,"column":3}},"234":{"start":{"line":235,"column":0},"end":{"line":235,"column":37}},"235":{"start":{"line":236,"column":0},"end":{"line":236,"column":9}},"236":{"start":{"line":237,"column":0},"end":{"line":237,"column":75}},"237":{"start":{"line":238,"column":0},"end":{"line":238,"column":22}},"238":{"start":{"line":239,"column":0},"end":{"line":239,"column":56}},"239":{"start":{"line":240,"column":0},"end":{"line":240,"column":61}},"240":{"start":{"line":241,"column":0},"end":{"line":241,"column":8}},"241":{"start":{"line":242,"column":0},"end":{"line":242,"column":40}},"242":{"start":{"line":243,"column":0},"end":{"line":243,"column":30}},"243":{"start":{"line":244,"column":0},"end":{"line":244,"column":16}},"244":{"start":{"line":245,"column":0},"end":{"line":245,"column":101}},"245":{"start":{"line":246,"column":0},"end":{"line":246,"column":9}},"246":{"start":{"line":247,"column":0},"end":{"line":247,"column":37}},"247":{"start":{"line":248,"column":0},"end":{"line":248,"column":21}},"248":{"start":{"line":249,"column":0},"end":{"line":249,"column":41}},"249":{"start":{"line":250,"column":0},"end":{"line":250,"column":5}},"250":{"start":{"line":251,"column":0},"end":{"line":251,"column":3}},"253":{"start":{"line":254,"column":0},"end":{"line":254,"column":47}},"254":{"start":{"line":255,"column":0},"end":{"line":255,"column":9}},"255":{"start":{"line":256,"column":0},"end":{"line":256,"column":42}},"256":{"start":{"line":257,"column":0},"end":{"line":257,"column":25}},"257":{"start":{"line":258,"column":0},"end":{"line":258,"column":8}},"258":{"start":{"line":259,"column":0},"end":{"line":259,"column":30}},"259":{"start":{"line":260,"column":0},"end":{"line":260,"column":16}},"260":{"start":{"line":261,"column":0},"end":{"line":261,"column":70}},"261":{"start":{"line":262,"column":0},"end":{"line":262,"column":9}},"262":{"start":{"line":263,"column":0},"end":{"line":263,"column":21}},"263":{"start":{"line":264,"column":0},"end":{"line":264,"column":39}},"264":{"start":{"line":265,"column":0},"end":{"line":265,"column":5}},"265":{"start":{"line":266,"column":0},"end":{"line":266,"column":3}},"268":{"start":{"line":269,"column":0},"end":{"line":269,"column":45}},"269":{"start":{"line":270,"column":0},"end":{"line":270,"column":9}},"271":{"start":{"line":272,"column":0},"end":{"line":272,"column":59}},"272":{"start":{"line":273,"column":0},"end":{"line":273,"column":24}},"273":{"start":{"line":274,"column":0},"end":{"line":274,"column":56}},"274":{"start":{"line":275,"column":0},"end":{"line":275,"column":93}},"275":{"start":{"line":276,"column":0},"end":{"line":276,"column":8}},"276":{"start":{"line":277,"column":0},"end":{"line":277,"column":40}},"277":{"start":{"line":278,"column":0},"end":{"line":278,"column":30}},"278":{"start":{"line":279,"column":0},"end":{"line":279,"column":16}},"279":{"start":{"line":280,"column":0},"end":{"line":280,"column":122}},"280":{"start":{"line":281,"column":0},"end":{"line":281,"column":9}},"281":{"start":{"line":282,"column":0},"end":{"line":282,"column":21}},"282":{"start":{"line":283,"column":0},"end":{"line":283,"column":40}},"283":{"start":{"line":284,"column":0},"end":{"line":284,"column":5}},"284":{"start":{"line":285,"column":0},"end":{"line":285,"column":3}},"287":{"start":{"line":288,"column":0},"end":{"line":288,"column":36}},"288":{"start":{"line":289,"column":0},"end":{"line":289,"column":25}},"289":{"start":{"line":290,"column":0},"end":{"line":290,"column":26}},"290":{"start":{"line":291,"column":0},"end":{"line":291,"column":33}},"291":{"start":{"line":292,"column":0},"end":{"line":292,"column":3}},"294":{"start":{"line":295,"column":0},"end":{"line":295,"column":41}},"295":{"start":{"line":296,"column":0},"end":{"line":296,"column":9}},"296":{"start":{"line":297,"column":0},"end":{"line":297,"column":59}},"297":{"start":{"line":298,"column":0},"end":{"line":298,"column":44}},"298":{"start":{"line":299,"column":0},"end":{"line":299,"column":31}},"299":{"start":{"line":300,"column":0},"end":{"line":300,"column":28}},"300":{"start":{"line":301,"column":0},"end":{"line":301,"column":21}},"301":{"start":{"line":302,"column":0},"end":{"line":302,"column":45}},"302":{"start":{"line":303,"column":0},"end":{"line":303,"column":5}},"303":{"start":{"line":304,"column":0},"end":{"line":304,"column":3}},"305":{"start":{"line":306,"column":0},"end":{"line":306,"column":19}},"306":{"start":{"line":307,"column":0},"end":{"line":307,"column":15}},"307":{"start":{"line":308,"column":0},"end":{"line":308,"column":8}},"309":{"start":{"line":310,"column":0},"end":{"line":310,"column":19}},"310":{"start":{"line":311,"column":0},"end":{"line":311,"column":22}},"311":{"start":{"line":312,"column":0},"end":{"line":312,"column":34}},"312":{"start":{"line":313,"column":0},"end":{"line":313,"column":12}},"313":{"start":{"line":314,"column":0},"end":{"line":314,"column":18}},"314":{"start":{"line":315,"column":0},"end":{"line":315,"column":5}},"315":{"start":{"line":316,"column":0},"end":{"line":316,"column":15}},"316":{"start":{"line":317,"column":0},"end":{"line":317,"column":51}},"318":{"start":{"line":319,"column":0},"end":{"line":319,"column":19}},"319":{"start":{"line":320,"column":0},"end":{"line":320,"column":55}},"320":{"start":{"line":321,"column":0},"end":{"line":321,"column":48}},"321":{"start":{"line":322,"column":0},"end":{"line":322,"column":51}},"322":{"start":{"line":323,"column":0},"end":{"line":323,"column":46}},"323":{"start":{"line":324,"column":0},"end":{"line":324,"column":41}},"324":{"start":{"line":325,"column":0},"end":{"line":325,"column":50}},"325":{"start":{"line":326,"column":0},"end":{"line":326,"column":43}},"326":{"start":{"line":327,"column":0},"end":{"line":327,"column":23}},"329":{"start":{"line":330,"column":0},"end":{"line":330,"column":62}},"330":{"start":{"line":331,"column":0},"end":{"line":331,"column":26}},"331":{"start":{"line":332,"column":0},"end":{"line":332,"column":28}},"332":{"start":{"line":333,"column":0},"end":{"line":333,"column":32}},"333":{"start":{"line":334,"column":0},"end":{"line":334,"column":5}},"334":{"start":{"line":335,"column":0},"end":{"line":335,"column":52}},"335":{"start":{"line":336,"column":0},"end":{"line":336,"column":35}},"336":{"start":{"line":337,"column":0},"end":{"line":337,"column":12}},"337":{"start":{"line":338,"column":0},"end":{"line":338,"column":12}},"338":{"start":{"line":339,"column":0},"end":{"line":339,"column":112}},"339":{"start":{"line":340,"column":0},"end":{"line":340,"column":13}},"341":{"start":{"line":342,"column":0},"end":{"line":342,"column":3}},"344":{"start":{"line":345,"column":0},"end":{"line":345,"column":33}},"345":{"start":{"line":346,"column":0},"end":{"line":346,"column":11}},"346":{"start":{"line":347,"column":0},"end":{"line":347,"column":19}},"347":{"start":{"line":348,"column":0},"end":{"line":348,"column":18}},"348":{"start":{"line":349,"column":0},"end":{"line":349,"column":56}},"349":{"start":{"line":350,"column":0},"end":{"line":350,"column":35}},"350":{"start":{"line":351,"column":0},"end":{"line":351,"column":58}},"351":{"start":{"line":352,"column":0},"end":{"line":352,"column":57}},"352":{"start":{"line":353,"column":0},"end":{"line":353,"column":57}},"353":{"start":{"line":354,"column":0},"end":{"line":354,"column":19}},"354":{"start":{"line":355,"column":0},"end":{"line":355,"column":20}},"355":{"start":{"line":356,"column":0},"end":{"line":356,"column":17}},"356":{"start":{"line":357,"column":0},"end":{"line":357,"column":30}},"357":{"start":{"line":358,"column":0},"end":{"line":358,"column":34}},"358":{"start":{"line":359,"column":0},"end":{"line":359,"column":44}},"359":{"start":{"line":360,"column":0},"end":{"line":360,"column":23}},"360":{"start":{"line":361,"column":0},"end":{"line":361,"column":41}},"361":{"start":{"line":362,"column":0},"end":{"line":362,"column":67}},"363":{"start":{"line":364,"column":0},"end":{"line":364,"column":54}},"364":{"start":{"line":365,"column":0},"end":{"line":365,"column":44}},"365":{"start":{"line":366,"column":0},"end":{"line":366,"column":25}},"366":{"start":{"line":367,"column":0},"end":{"line":367,"column":31}},"367":{"start":{"line":368,"column":0},"end":{"line":368,"column":95}},"368":{"start":{"line":369,"column":0},"end":{"line":369,"column":43}},"369":{"start":{"line":370,"column":0},"end":{"line":370,"column":70}},"370":{"start":{"line":371,"column":0},"end":{"line":371,"column":73}},"371":{"start":{"line":372,"column":0},"end":{"line":372,"column":25}},"372":{"start":{"line":373,"column":0},"end":{"line":373,"column":38}},"373":{"start":{"line":374,"column":0},"end":{"line":374,"column":43}},"374":{"start":{"line":375,"column":0},"end":{"line":375,"column":35}},"375":{"start":{"line":376,"column":0},"end":{"line":376,"column":24}},"377":{"start":{"line":378,"column":0},"end":{"line":378,"column":27}},"378":{"start":{"line":379,"column":0},"end":{"line":379,"column":27}},"379":{"start":{"line":380,"column":0},"end":{"line":380,"column":21}},"380":{"start":{"line":381,"column":0},"end":{"line":381,"column":22}},"381":{"start":{"line":382,"column":0},"end":{"line":382,"column":20}},"382":{"start":{"line":383,"column":0},"end":{"line":383,"column":24}},"383":{"start":{"line":384,"column":0},"end":{"line":384,"column":23}},"384":{"start":{"line":385,"column":0},"end":{"line":385,"column":117}},"385":{"start":{"line":386,"column":0},"end":{"line":386,"column":109}},"386":{"start":{"line":387,"column":0},"end":{"line":387,"column":52}},"387":{"start":{"line":388,"column":0},"end":{"line":388,"column":20}},"388":{"start":{"line":389,"column":0},"end":{"line":389,"column":24}},"389":{"start":{"line":390,"column":0},"end":{"line":390,"column":23}},"390":{"start":{"line":391,"column":0},"end":{"line":391,"column":55}},"391":{"start":{"line":392,"column":0},"end":{"line":392,"column":48}},"392":{"start":{"line":393,"column":0},"end":{"line":393,"column":57}},"393":{"start":{"line":394,"column":0},"end":{"line":394,"column":50}},"394":{"start":{"line":395,"column":0},"end":{"line":395,"column":60}},"395":{"start":{"line":396,"column":0},"end":{"line":396,"column":20}},"396":{"start":{"line":397,"column":0},"end":{"line":397,"column":24}},"397":{"start":{"line":398,"column":0},"end":{"line":398,"column":23}},"398":{"start":{"line":399,"column":0},"end":{"line":399,"column":55}},"399":{"start":{"line":400,"column":0},"end":{"line":400,"column":87}},"400":{"start":{"line":401,"column":0},"end":{"line":401,"column":55}},"401":{"start":{"line":402,"column":0},"end":{"line":402,"column":25}},"402":{"start":{"line":403,"column":0},"end":{"line":403,"column":23}},"403":{"start":{"line":404,"column":0},"end":{"line":404,"column":33}},"404":{"start":{"line":405,"column":0},"end":{"line":405,"column":27}},"405":{"start":{"line":406,"column":0},"end":{"line":406,"column":34}},"406":{"start":{"line":407,"column":0},"end":{"line":407,"column":41}},"407":{"start":{"line":408,"column":0},"end":{"line":408,"column":43}},"408":{"start":{"line":409,"column":0},"end":{"line":409,"column":20}},"410":{"start":{"line":411,"column":0},"end":{"line":411,"column":47}},"411":{"start":{"line":412,"column":0},"end":{"line":412,"column":25}},"412":{"start":{"line":413,"column":0},"end":{"line":413,"column":86}},"413":{"start":{"line":414,"column":0},"end":{"line":414,"column":48}},"414":{"start":{"line":415,"column":0},"end":{"line":415,"column":25}},"415":{"start":{"line":416,"column":0},"end":{"line":416,"column":20}},"416":{"start":{"line":417,"column":0},"end":{"line":417,"column":24}},"417":{"start":{"line":418,"column":0},"end":{"line":418,"column":21}},"418":{"start":{"line":419,"column":0},"end":{"line":419,"column":11}},"419":{"start":{"line":420,"column":0},"end":{"line":420,"column":18}},"420":{"start":{"line":421,"column":0},"end":{"line":421,"column":12}},"424":{"start":{"line":425,"column":0},"end":{"line":425,"column":38}},"425":{"start":{"line":426,"column":0},"end":{"line":426,"column":26}},"426":{"start":{"line":427,"column":0},"end":{"line":427,"column":62}},"427":{"start":{"line":428,"column":0},"end":{"line":428,"column":53}},"428":{"start":{"line":429,"column":0},"end":{"line":429,"column":15}},"429":{"start":{"line":430,"column":0},"end":{"line":430,"column":19}},"430":{"start":{"line":431,"column":0},"end":{"line":431,"column":26}},"431":{"start":{"line":432,"column":0},"end":{"line":432,"column":58}},"432":{"start":{"line":433,"column":0},"end":{"line":433,"column":41}},"433":{"start":{"line":434,"column":0},"end":{"line":434,"column":12}},"435":{"start":{"line":436,"column":0},"end":{"line":436,"column":43}},"437":{"start":{"line":438,"column":0},"end":{"line":438,"column":17}},"438":{"start":{"line":439,"column":0},"end":{"line":439,"column":12}},"439":{"start":{"line":440,"column":0},"end":{"line":440,"column":33}},"440":{"start":{"line":441,"column":0},"end":{"line":441,"column":45}},"441":{"start":{"line":442,"column":0},"end":{"line":442,"column":100}},"442":{"start":{"line":443,"column":0},"end":{"line":443,"column":73}},"443":{"start":{"line":444,"column":0},"end":{"line":444,"column":84}},"444":{"start":{"line":445,"column":0},"end":{"line":445,"column":90}},"445":{"start":{"line":446,"column":0},"end":{"line":446,"column":18}},"446":{"start":{"line":447,"column":0},"end":{"line":447,"column":57}},"447":{"start":{"line":448,"column":0},"end":{"line":448,"column":96}},"448":{"start":{"line":449,"column":0},"end":{"line":449,"column":48}},"449":{"start":{"line":450,"column":0},"end":{"line":450,"column":69}},"450":{"start":{"line":451,"column":0},"end":{"line":451,"column":23}},"451":{"start":{"line":452,"column":0},"end":{"line":452,"column":21}},"452":{"start":{"line":453,"column":0},"end":{"line":453,"column":31}},"453":{"start":{"line":454,"column":0},"end":{"line":454,"column":25}},"454":{"start":{"line":455,"column":0},"end":{"line":455,"column":32}},"455":{"start":{"line":456,"column":0},"end":{"line":456,"column":45}},"456":{"start":{"line":457,"column":0},"end":{"line":457,"column":48}},"457":{"start":{"line":458,"column":0},"end":{"line":458,"column":18}},"459":{"start":{"line":460,"column":0},"end":{"line":460,"column":45}},"460":{"start":{"line":461,"column":0},"end":{"line":461,"column":23}},"461":{"start":{"line":462,"column":0},"end":{"line":462,"column":98}},"462":{"start":{"line":463,"column":0},"end":{"line":463,"column":46}},"463":{"start":{"line":464,"column":0},"end":{"line":464,"column":23}},"464":{"start":{"line":465,"column":0},"end":{"line":465,"column":18}},"465":{"start":{"line":466,"column":0},"end":{"line":466,"column":16}},"466":{"start":{"line":467,"column":0},"end":{"line":467,"column":11}},"467":{"start":{"line":468,"column":0},"end":{"line":468,"column":12}},"468":{"start":{"line":469,"column":0},"end":{"line":469,"column":10}},"471":{"start":{"line":472,"column":0},"end":{"line":472,"column":10}},"472":{"start":{"line":473,"column":0},"end":{"line":473,"column":47}},"473":{"start":{"line":474,"column":0},"end":{"line":474,"column":18}},"474":{"start":{"line":475,"column":0},"end":{"line":475,"column":65}},"475":{"start":{"line":476,"column":0},"end":{"line":476,"column":30}},"476":{"start":{"line":477,"column":0},"end":{"line":477,"column":57}},"477":{"start":{"line":478,"column":0},"end":{"line":478,"column":45}},"479":{"start":{"line":480,"column":0},"end":{"line":480,"column":19}},"480":{"start":{"line":481,"column":0},"end":{"line":481,"column":20}},"481":{"start":{"line":482,"column":0},"end":{"line":482,"column":19}},"482":{"start":{"line":483,"column":0},"end":{"line":483,"column":19}},"483":{"start":{"line":484,"column":0},"end":{"line":484,"column":45}},"485":{"start":{"line":486,"column":0},"end":{"line":486,"column":38}},"486":{"start":{"line":487,"column":0},"end":{"line":487,"column":36}},"487":{"start":{"line":488,"column":0},"end":{"line":488,"column":40}},"488":{"start":{"line":489,"column":0},"end":{"line":489,"column":92}},"489":{"start":{"line":490,"column":0},"end":{"line":490,"column":22}},"490":{"start":{"line":491,"column":0},"end":{"line":491,"column":41}},"491":{"start":{"line":492,"column":0},"end":{"line":492,"column":34}},"492":{"start":{"line":493,"column":0},"end":{"line":493,"column":37}},"493":{"start":{"line":494,"column":0},"end":{"line":494,"column":66}},"494":{"start":{"line":495,"column":0},"end":{"line":495,"column":72}},"495":{"start":{"line":496,"column":0},"end":{"line":496,"column":18}},"496":{"start":{"line":497,"column":0},"end":{"line":497,"column":20}},"497":{"start":{"line":498,"column":0},"end":{"line":498,"column":18}},"498":{"start":{"line":499,"column":0},"end":{"line":499,"column":19}},"499":{"start":{"line":500,"column":0},"end":{"line":500,"column":33}},"500":{"start":{"line":501,"column":0},"end":{"line":501,"column":41}},"501":{"start":{"line":502,"column":0},"end":{"line":502,"column":37}},"502":{"start":{"line":503,"column":0},"end":{"line":503,"column":38}},"503":{"start":{"line":504,"column":0},"end":{"line":504,"column":27}},"504":{"start":{"line":505,"column":0},"end":{"line":505,"column":16}},"506":{"start":{"line":507,"column":0},"end":{"line":507,"column":51}},"507":{"start":{"line":508,"column":0},"end":{"line":508,"column":51}},"508":{"start":{"line":509,"column":0},"end":{"line":509,"column":30}},"509":{"start":{"line":510,"column":0},"end":{"line":510,"column":29}},"510":{"start":{"line":511,"column":0},"end":{"line":511,"column":58}},"511":{"start":{"line":512,"column":0},"end":{"line":512,"column":36}},"512":{"start":{"line":513,"column":0},"end":{"line":513,"column":61}},"513":{"start":{"line":514,"column":0},"end":{"line":514,"column":30}},"514":{"start":{"line":515,"column":0},"end":{"line":515,"column":31}},"515":{"start":{"line":516,"column":0},"end":{"line":516,"column":19}},"516":{"start":{"line":517,"column":0},"end":{"line":517,"column":30}},"517":{"start":{"line":518,"column":0},"end":{"line":518,"column":21}},"518":{"start":{"line":519,"column":0},"end":{"line":519,"column":61}},"519":{"start":{"line":520,"column":0},"end":{"line":520,"column":51}},"520":{"start":{"line":521,"column":0},"end":{"line":521,"column":51}},"521":{"start":{"line":522,"column":0},"end":{"line":522,"column":30}},"522":{"start":{"line":523,"column":0},"end":{"line":523,"column":29}},"523":{"start":{"line":524,"column":0},"end":{"line":524,"column":56}},"524":{"start":{"line":525,"column":0},"end":{"line":525,"column":54}},"525":{"start":{"line":526,"column":0},"end":{"line":526,"column":57}},"526":{"start":{"line":527,"column":0},"end":{"line":527,"column":61}},"527":{"start":{"line":528,"column":0},"end":{"line":528,"column":30}},"528":{"start":{"line":529,"column":0},"end":{"line":529,"column":21}},"529":{"start":{"line":530,"column":0},"end":{"line":530,"column":67}},"530":{"start":{"line":531,"column":0},"end":{"line":531,"column":51}},"531":{"start":{"line":532,"column":0},"end":{"line":532,"column":51}},"532":{"start":{"line":533,"column":0},"end":{"line":533,"column":30}},"533":{"start":{"line":534,"column":0},"end":{"line":534,"column":29}},"534":{"start":{"line":535,"column":0},"end":{"line":535,"column":57}},"535":{"start":{"line":536,"column":0},"end":{"line":536,"column":58}},"536":{"start":{"line":537,"column":0},"end":{"line":537,"column":30}},"537":{"start":{"line":538,"column":0},"end":{"line":538,"column":21}},"538":{"start":{"line":539,"column":0},"end":{"line":539,"column":16}},"541":{"start":{"line":542,"column":0},"end":{"line":542,"column":96}},"544":{"start":{"line":545,"column":0},"end":{"line":545,"column":61}},"545":{"start":{"line":546,"column":0},"end":{"line":546,"column":53}},"546":{"start":{"line":547,"column":0},"end":{"line":547,"column":29}},"547":{"start":{"line":548,"column":0},"end":{"line":548,"column":98}},"548":{"start":{"line":549,"column":0},"end":{"line":549,"column":53}},"549":{"start":{"line":550,"column":0},"end":{"line":550,"column":50}},"550":{"start":{"line":551,"column":0},"end":{"line":551,"column":32}},"551":{"start":{"line":552,"column":0},"end":{"line":552,"column":31}},"552":{"start":{"line":553,"column":0},"end":{"line":553,"column":56}},"553":{"start":{"line":554,"column":0},"end":{"line":554,"column":56}},"554":{"start":{"line":555,"column":0},"end":{"line":555,"column":56}},"555":{"start":{"line":556,"column":0},"end":{"line":556,"column":32}},"556":{"start":{"line":557,"column":0},"end":{"line":557,"column":23}},"557":{"start":{"line":558,"column":0},"end":{"line":558,"column":29}},"558":{"start":{"line":559,"column":0},"end":{"line":559,"column":18}},"559":{"start":{"line":560,"column":0},"end":{"line":560,"column":40}},"560":{"start":{"line":561,"column":0},"end":{"line":561,"column":95}},"562":{"start":{"line":563,"column":0},"end":{"line":563,"column":23}},"563":{"start":{"line":564,"column":0},"end":{"line":564,"column":93}},"565":{"start":{"line":566,"column":0},"end":{"line":566,"column":23}},"566":{"start":{"line":567,"column":0},"end":{"line":567,"column":18}},"567":{"start":{"line":568,"column":0},"end":{"line":568,"column":16}},"568":{"start":{"line":569,"column":0},"end":{"line":569,"column":14}},"569":{"start":{"line":570,"column":0},"end":{"line":570,"column":20}},"572":{"start":{"line":573,"column":0},"end":{"line":573,"column":67}},"573":{"start":{"line":574,"column":0},"end":{"line":574,"column":23}},"574":{"start":{"line":575,"column":0},"end":{"line":575,"column":24}},"575":{"start":{"line":576,"column":0},"end":{"line":576,"column":47}},"576":{"start":{"line":577,"column":0},"end":{"line":577,"column":25}},"577":{"start":{"line":578,"column":0},"end":{"line":578,"column":37}},"578":{"start":{"line":579,"column":0},"end":{"line":579,"column":18}},"579":{"start":{"line":580,"column":0},"end":{"line":580,"column":30}},"580":{"start":{"line":581,"column":0},"end":{"line":581,"column":35}},"581":{"start":{"line":582,"column":0},"end":{"line":582,"column":81}},"582":{"start":{"line":583,"column":0},"end":{"line":583,"column":14}},"583":{"start":{"line":584,"column":0},"end":{"line":584,"column":21}},"584":{"start":{"line":585,"column":0},"end":{"line":585,"column":23}},"585":{"start":{"line":586,"column":0},"end":{"line":586,"column":30}},"586":{"start":{"line":587,"column":0},"end":{"line":587,"column":34}},"587":{"start":{"line":588,"column":0},"end":{"line":588,"column":80}},"588":{"start":{"line":589,"column":0},"end":{"line":589,"column":14}},"589":{"start":{"line":590,"column":0},"end":{"line":590,"column":18}},"590":{"start":{"line":591,"column":0},"end":{"line":591,"column":27}},"591":{"start":{"line":592,"column":0},"end":{"line":592,"column":34}},"592":{"start":{"line":593,"column":0},"end":{"line":593,"column":36}},"593":{"start":{"line":594,"column":0},"end":{"line":594,"column":90}},"594":{"start":{"line":595,"column":0},"end":{"line":595,"column":14}},"595":{"start":{"line":596,"column":0},"end":{"line":596,"column":53}},"596":{"start":{"line":597,"column":0},"end":{"line":597,"column":16}},"597":{"start":{"line":598,"column":0},"end":{"line":598,"column":24}},"598":{"start":{"line":599,"column":0},"end":{"line":599,"column":15}},"601":{"start":{"line":602,"column":0},"end":{"line":602,"column":69}},"602":{"start":{"line":603,"column":0},"end":{"line":603,"column":23}},"603":{"start":{"line":604,"column":0},"end":{"line":604,"column":24}},"604":{"start":{"line":605,"column":0},"end":{"line":605,"column":45}},"605":{"start":{"line":606,"column":0},"end":{"line":606,"column":25}},"606":{"start":{"line":607,"column":0},"end":{"line":607,"column":37}},"607":{"start":{"line":608,"column":0},"end":{"line":608,"column":18}},"608":{"start":{"line":609,"column":0},"end":{"line":609,"column":30}},"609":{"start":{"line":610,"column":0},"end":{"line":610,"column":47}},"610":{"start":{"line":611,"column":0},"end":{"line":611,"column":91}},"611":{"start":{"line":612,"column":0},"end":{"line":612,"column":14}},"612":{"start":{"line":613,"column":0},"end":{"line":613,"column":21}},"613":{"start":{"line":614,"column":0},"end":{"line":614,"column":23}},"614":{"start":{"line":615,"column":0},"end":{"line":615,"column":30}},"615":{"start":{"line":616,"column":0},"end":{"line":616,"column":46}},"616":{"start":{"line":617,"column":0},"end":{"line":617,"column":90}},"617":{"start":{"line":618,"column":0},"end":{"line":618,"column":14}},"618":{"start":{"line":619,"column":0},"end":{"line":619,"column":58}},"619":{"start":{"line":620,"column":0},"end":{"line":620,"column":16}},"620":{"start":{"line":621,"column":0},"end":{"line":621,"column":24}},"621":{"start":{"line":622,"column":0},"end":{"line":622,"column":15}},"624":{"start":{"line":625,"column":0},"end":{"line":625,"column":81}},"625":{"start":{"line":626,"column":0},"end":{"line":626,"column":23}},"626":{"start":{"line":627,"column":0},"end":{"line":627,"column":24}},"627":{"start":{"line":628,"column":0},"end":{"line":628,"column":46}},"628":{"start":{"line":629,"column":0},"end":{"line":629,"column":25}},"629":{"start":{"line":630,"column":0},"end":{"line":630,"column":37}},"630":{"start":{"line":631,"column":0},"end":{"line":631,"column":21}},"631":{"start":{"line":632,"column":0},"end":{"line":632,"column":33}},"632":{"start":{"line":633,"column":0},"end":{"line":633,"column":37}},"633":{"start":{"line":634,"column":0},"end":{"line":634,"column":86}},"634":{"start":{"line":635,"column":0},"end":{"line":635,"column":14}},"635":{"start":{"line":636,"column":0},"end":{"line":636,"column":55}},"636":{"start":{"line":637,"column":0},"end":{"line":637,"column":16}},"637":{"start":{"line":638,"column":0},"end":{"line":638,"column":24}},"638":{"start":{"line":639,"column":0},"end":{"line":639,"column":15}},"641":{"start":{"line":642,"column":0},"end":{"line":642,"column":83}},"642":{"start":{"line":643,"column":0},"end":{"line":643,"column":23}},"643":{"start":{"line":644,"column":0},"end":{"line":644,"column":24}},"644":{"start":{"line":645,"column":0},"end":{"line":645,"column":44}},"645":{"start":{"line":646,"column":0},"end":{"line":646,"column":25}},"646":{"start":{"line":647,"column":0},"end":{"line":647,"column":37}},"647":{"start":{"line":648,"column":0},"end":{"line":648,"column":21}},"648":{"start":{"line":649,"column":0},"end":{"line":649,"column":33}},"649":{"start":{"line":650,"column":0},"end":{"line":650,"column":49}},"650":{"start":{"line":651,"column":0},"end":{"line":651,"column":96}},"651":{"start":{"line":652,"column":0},"end":{"line":652,"column":14}},"652":{"start":{"line":653,"column":0},"end":{"line":653,"column":60}},"653":{"start":{"line":654,"column":0},"end":{"line":654,"column":16}},"654":{"start":{"line":655,"column":0},"end":{"line":655,"column":24}},"655":{"start":{"line":656,"column":0},"end":{"line":656,"column":15}},"658":{"start":{"line":659,"column":0},"end":{"line":659,"column":81}},"659":{"start":{"line":660,"column":0},"end":{"line":660,"column":45}},"660":{"start":{"line":661,"column":0},"end":{"line":661,"column":24}},"661":{"start":{"line":662,"column":0},"end":{"line":662,"column":88}},"662":{"start":{"line":663,"column":0},"end":{"line":663,"column":25}},"663":{"start":{"line":664,"column":0},"end":{"line":664,"column":37}},"664":{"start":{"line":665,"column":0},"end":{"line":665,"column":67}},"665":{"start":{"line":666,"column":0},"end":{"line":666,"column":46}},"666":{"start":{"line":667,"column":0},"end":{"line":667,"column":16}},"667":{"start":{"line":668,"column":0},"end":{"line":668,"column":24}},"668":{"start":{"line":669,"column":0},"end":{"line":669,"column":15}},"671":{"start":{"line":672,"column":0},"end":{"line":672,"column":67}},"672":{"start":{"line":673,"column":0},"end":{"line":673,"column":23}},"673":{"start":{"line":674,"column":0},"end":{"line":674,"column":24}},"674":{"start":{"line":675,"column":0},"end":{"line":675,"column":45}},"675":{"start":{"line":676,"column":0},"end":{"line":676,"column":25}},"676":{"start":{"line":677,"column":0},"end":{"line":677,"column":37}},"677":{"start":{"line":678,"column":0},"end":{"line":678,"column":117}},"678":{"start":{"line":679,"column":0},"end":{"line":679,"column":91}},"679":{"start":{"line":680,"column":0},"end":{"line":680,"column":39}},"680":{"start":{"line":681,"column":0},"end":{"line":681,"column":17}},"681":{"start":{"line":682,"column":0},"end":{"line":682,"column":87}},"682":{"start":{"line":683,"column":0},"end":{"line":683,"column":18}},"683":{"start":{"line":684,"column":0},"end":{"line":684,"column":17}},"684":{"start":{"line":685,"column":0},"end":{"line":685,"column":56}},"685":{"start":{"line":686,"column":0},"end":{"line":686,"column":18}},"686":{"start":{"line":687,"column":0},"end":{"line":687,"column":17}},"687":{"start":{"line":688,"column":0},"end":{"line":688,"column":59}},"688":{"start":{"line":689,"column":0},"end":{"line":689,"column":18}},"689":{"start":{"line":690,"column":0},"end":{"line":690,"column":17}},"690":{"start":{"line":691,"column":0},"end":{"line":691,"column":60}},"691":{"start":{"line":692,"column":0},"end":{"line":692,"column":18}},"692":{"start":{"line":693,"column":0},"end":{"line":693,"column":17}},"693":{"start":{"line":694,"column":0},"end":{"line":694,"column":106}},"694":{"start":{"line":695,"column":0},"end":{"line":695,"column":46}},"695":{"start":{"line":696,"column":0},"end":{"line":696,"column":18}},"696":{"start":{"line":697,"column":0},"end":{"line":697,"column":17}},"697":{"start":{"line":698,"column":0},"end":{"line":698,"column":99}},"698":{"start":{"line":699,"column":0},"end":{"line":699,"column":18}},"699":{"start":{"line":700,"column":0},"end":{"line":700,"column":18}},"700":{"start":{"line":701,"column":0},"end":{"line":701,"column":16}},"701":{"start":{"line":702,"column":0},"end":{"line":702,"column":24}},"702":{"start":{"line":703,"column":0},"end":{"line":703,"column":15}},"703":{"start":{"line":704,"column":0},"end":{"line":704,"column":11}},"705":{"start":{"line":706,"column":0},"end":{"line":706,"column":1}},"707":{"start":{"line":708,"column":0},"end":{"line":708,"column":27}}},"s":{"0":1,"1":1,"2":1,"3":1,"28":1,"29":70,"30":70,"31":70,"34":70,"35":70,"36":70,"37":70,"38":70,"39":70,"40":70,"41":70,"42":70,"43":70,"44":70,"45":70,"46":70,"47":70,"48":70,"49":70,"50":70,"51":70,"52":70,"53":70,"54":70,"55":70,"58":70,"59":2,"60":2,"61":2,"62":2,"63":2,"64":2,"65":2,"66":2,"67":2,"70":70,"71":2,"72":2,"73":2,"75":2,"76":2,"77":2,"78":2,"79":2,"80":2,"81":2,"82":2,"83":2,"84":2,"85":20,"86":20,"87":2,"88":2,"89":2,"90":2,"91":2,"92":0,"93":2,"94":2,"95":2,"96":2,"97":2,"100":70,"101":2,"102":2,"103":2,"104":2,"105":2,"106":0,"107":0,"108":2,"111":70,"112":1,"113":0,"114":0,"115":0,"116":1,"117":1,"118":1,"119":1,"120":1,"121":1,"122":1,"123":0,"124":0,"125":1,"126":1,"129":70,"130":0,"131":0,"132":0,"133":0,"134":0,"135":0,"136":0,"137":0,"138":0,"139":0,"140":0,"141":0,"143":0,"144":0,"145":0,"146":0,"148":0,"149":0,"150":0,"151":0,"152":0,"153":0,"154":0,"157":70,"158":1,"159":1,"160":1,"161":1,"162":1,"163":1,"164":1,"165":1,"166":1,"167":1,"168":1,"169":0,"170":0,"171":1,"174":70,"175":0,"176":0,"177":0,"178":0,"179":0,"180":0,"181":0,"182":0,"183":0,"184":0,"185":0,"186":0,"187":0,"190":70,"191":0,"192":0,"193":0,"194":0,"195":0,"196":0,"197":0,"198":0,"199":0,"202":70,"203":0,"204":0,"205":0,"206":0,"207":0,"208":0,"209":0,"210":0,"211":0,"214":70,"215":0,"216":0,"217":0,"218":0,"219":0,"220":0,"221":0,"222":0,"223":0,"224":0,"225":0,"226":0,"227":0,"228":0,"229":0,"230":0,"231":0,"234":70,"235":0,"236":0,"237":0,"238":0,"239":0,"240":0,"241":0,"242":0,"243":0,"244":0,"245":0,"246":0,"247":0,"248":0,"249":0,"250":0,"253":70,"254":0,"255":0,"256":0,"257":0,"258":0,"259":0,"260":0,"261":0,"262":0,"263":0,"264":0,"265":0,"268":70,"269":0,"271":0,"272":0,"273":0,"274":0,"275":0,"276":0,"277":0,"278":0,"279":0,"280":0,"281":0,"282":0,"283":0,"284":0,"287":70,"288":0,"289":0,"290":0,"291":0,"294":70,"295":0,"296":0,"297":0,"298":0,"299":0,"300":0,"301":0,"302":0,"303":0,"305":70,"306":2,"307":70,"309":70,"310":2,"311":0,"312":2,"313":2,"314":2,"315":2,"316":70,"318":70,"319":4,"320":4,"321":4,"322":4,"323":4,"324":4,"325":4,"326":70,"329":70,"330":762,"331":762,"332":301,"333":301,"334":321,"335":321,"336":321,"337":321,"338":321,"339":321,"341":762,"344":70,"345":65,"346":65,"347":65,"348":65,"349":65,"350":65,"351":65,"352":65,"353":65,"354":65,"355":65,"356":65,"357":622,"358":622,"359":622,"360":622,"361":622,"363":622,"364":622,"365":1739,"366":1739,"367":1739,"368":1739,"369":0,"370":1739,"371":1739,"372":1739,"373":0,"374":0,"375":0,"377":1739,"378":1739,"379":622,"380":622,"381":622,"382":622,"383":622,"384":622,"385":622,"386":622,"387":622,"388":622,"389":622,"390":622,"391":622,"392":622,"393":622,"394":622,"395":622,"396":622,"397":622,"398":622,"399":622,"400":622,"401":622,"402":622,"403":622,"404":622,"405":622,"406":0,"407":0,"408":0,"410":622,"411":622,"412":622,"413":622,"414":622,"415":622,"416":622,"417":622,"418":65,"419":65,"420":65,"424":70,"425":70,"426":70,"427":70,"428":70,"429":70,"430":70,"431":0,"432":0,"433":0,"435":70,"437":70,"438":70,"439":70,"440":70,"441":0,"442":0,"443":0,"444":0,"445":0,"446":0,"447":0,"448":0,"449":0,"450":0,"451":0,"452":0,"453":0,"454":0,"455":0,"456":0,"457":0,"459":0,"460":0,"461":0,"462":0,"463":0,"464":0,"465":0,"466":70,"467":70,"468":70,"471":70,"472":70,"473":70,"474":70,"475":70,"476":70,"477":70,"479":70,"480":70,"481":70,"482":70,"483":70,"485":70,"486":70,"487":70,"488":70,"489":70,"490":70,"491":70,"492":70,"493":70,"494":70,"495":70,"496":70,"497":70,"498":70,"499":70,"500":70,"501":0,"502":0,"503":0,"504":0,"506":70,"507":70,"508":70,"509":70,"510":70,"511":70,"512":640,"513":640,"514":640,"515":70,"516":70,"517":70,"518":70,"519":70,"520":70,"521":70,"522":70,"523":70,"524":70,"525":70,"526":70,"527":70,"528":70,"529":70,"530":70,"531":70,"532":70,"533":70,"534":70,"535":70,"536":70,"537":70,"538":70,"541":70,"544":70,"545":70,"546":70,"547":70,"548":70,"549":70,"550":70,"551":70,"552":70,"553":70,"554":70,"555":70,"556":70,"557":70,"558":70,"559":70,"560":70,"562":70,"563":70,"565":70,"566":70,"567":70,"568":70,"569":70,"572":70,"573":70,"574":70,"575":70,"576":70,"577":70,"578":70,"579":70,"580":70,"581":70,"582":70,"583":70,"584":70,"585":70,"586":70,"587":70,"588":70,"589":70,"590":70,"591":70,"592":70,"593":70,"594":70,"595":70,"596":70,"597":70,"598":70,"601":70,"602":70,"603":70,"604":70,"605":70,"606":70,"607":70,"608":70,"609":70,"610":70,"611":70,"612":70,"613":70,"614":70,"615":70,"616":70,"617":70,"618":70,"619":70,"620":70,"621":70,"624":70,"625":70,"626":70,"627":70,"628":70,"629":70,"630":70,"631":70,"632":70,"633":70,"634":70,"635":70,"636":70,"637":70,"638":70,"641":70,"642":70,"643":70,"644":70,"645":70,"646":70,"647":70,"648":70,"649":70,"650":70,"651":70,"652":70,"653":70,"654":70,"655":70,"658":70,"659":70,"660":70,"661":70,"662":70,"663":70,"664":70,"665":70,"666":70,"667":70,"668":70,"671":70,"672":70,"673":70,"674":70,"675":70,"676":70,"677":70,"678":70,"679":70,"680":70,"681":70,"682":70,"683":70,"684":70,"685":70,"686":70,"687":70,"688":70,"689":70,"690":70,"691":70,"692":70,"693":70,"694":70,"695":70,"696":70,"697":70,"698":70,"699":70,"700":70,"701":70,"702":70,"703":70,"705":70,"707":1},"branchMap":{"0":{"type":"branch","line":29,"loc":{"start":{"line":29,"column":21},"end":{"line":706,"column":1}},"locations":[{"start":{"line":29,"column":21},"end":{"line":706,"column":1}}]},"1":{"type":"branch","line":38,"loc":{"start":{"line":38,"column":69},"end":{"line":38,"column":78}},"locations":[{"start":{"line":38,"column":69},"end":{"line":38,"column":78}}]},"2":{"type":"branch","line":42,"loc":{"start":{"line":42,"column":72},"end":{"line":42,"column":82}},"locations":[{"start":{"line":42,"column":72},"end":{"line":42,"column":82}}]},"3":{"type":"branch","line":542,"loc":{"start":{"line":542,"column":11},"end":{"line":542,"column":78}},"locations":[{"start":{"line":542,"column":11},"end":{"line":542,"column":78}}]},"4":{"type":"branch","line":542,"loc":{"start":{"line":542,"column":69},"end":{"line":542,"column":96}},"locations":[{"start":{"line":542,"column":69},"end":{"line":542,"column":96}}]},"5":{"type":"branch","line":610,"loc":{"start":{"line":610,"column":21},"end":{"line":610,"column":44}},"locations":[{"start":{"line":610,"column":21},"end":{"line":610,"column":44}}]},"6":{"type":"branch","line":616,"loc":{"start":{"line":616,"column":21},"end":{"line":616,"column":43}},"locations":[{"start":{"line":616,"column":21},"end":{"line":616,"column":43}}]},"7":{"type":"branch","line":650,"loc":{"start":{"line":650,"column":21},"end":{"line":650,"column":46}},"locations":[{"start":{"line":650,"column":21},"end":{"line":650,"column":46}}]},"8":{"type":"branch","line":662,"loc":{"start":{"line":662,"column":40},"end":{"line":662,"column":61}},"locations":[{"start":{"line":662,"column":40},"end":{"line":662,"column":61}}]},"9":{"type":"branch","line":665,"loc":{"start":{"line":665,"column":30},"end":{"line":665,"column":50}},"locations":[{"start":{"line":665,"column":30},"end":{"line":665,"column":50}}]},"10":{"type":"branch","line":666,"loc":{"start":{"line":666,"column":28},"end":{"line":666,"column":44}},"locations":[{"start":{"line":666,"column":28},"end":{"line":666,"column":44}}]},"11":{"type":"branch","line":678,"loc":{"start":{"line":678,"column":22},"end":{"line":678,"column":43}},"locations":[{"start":{"line":678,"column":22},"end":{"line":678,"column":43}}]},"12":{"type":"branch","line":678,"loc":{"start":{"line":678,"column":48},"end":{"line":678,"column":72}},"locations":[{"start":{"line":678,"column":48},"end":{"line":678,"column":72}}]},"13":{"type":"branch","line":679,"loc":{"start":{"line":679,"column":63},"end":{"line":679,"column":86}},"locations":[{"start":{"line":679,"column":63},"end":{"line":679,"column":86}}]},"14":{"type":"branch","line":682,"loc":{"start":{"line":682,"column":38},"end":{"line":682,"column":62}},"locations":[{"start":{"line":682,"column":38},"end":{"line":682,"column":62}}]},"15":{"type":"branch","line":682,"loc":{"start":{"line":682,"column":64},"end":{"line":682,"column":87}},"locations":[{"start":{"line":682,"column":64},"end":{"line":682,"column":87}}]},"16":{"type":"branch","line":685,"loc":{"start":{"line":685,"column":38},"end":{"line":685,"column":56}},"locations":[{"start":{"line":685,"column":38},"end":{"line":685,"column":56}}]},"17":{"type":"branch","line":688,"loc":{"start":{"line":688,"column":39},"end":{"line":688,"column":59}},"locations":[{"start":{"line":688,"column":39},"end":{"line":688,"column":59}}]},"18":{"type":"branch","line":691,"loc":{"start":{"line":691,"column":40},"end":{"line":691,"column":60}},"locations":[{"start":{"line":691,"column":40},"end":{"line":691,"column":60}}]},"19":{"type":"branch","line":694,"loc":{"start":{"line":694,"column":38},"end":{"line":694,"column":69}},"locations":[{"start":{"line":694,"column":38},"end":{"line":694,"column":69}}]},"20":{"type":"branch","line":694,"loc":{"start":{"line":694,"column":72},"end":{"line":694,"column":100}},"locations":[{"start":{"line":694,"column":72},"end":{"line":694,"column":100}}]},"21":{"type":"branch","line":695,"loc":{"start":{"line":695,"column":17},"end":{"line":695,"column":46}},"locations":[{"start":{"line":695,"column":17},"end":{"line":695,"column":46}}]},"22":{"type":"branch","line":698,"loc":{"start":{"line":698,"column":38},"end":{"line":698,"column":66}},"locations":[{"start":{"line":698,"column":38},"end":{"line":698,"column":66}}]},"23":{"type":"branch","line":698,"loc":{"start":{"line":698,"column":70},"end":{"line":698,"column":99}},"locations":[{"start":{"line":698,"column":70},"end":{"line":698,"column":99}}]},"24":{"type":"branch","line":59,"loc":{"start":{"line":59,"column":20},"end":{"line":68,"column":3}},"locations":[{"start":{"line":59,"column":20},"end":{"line":68,"column":3}}]},"25":{"type":"branch","line":61,"loc":{"start":{"line":61,"column":14},"end":{"line":61,"column":49}},"locations":[{"start":{"line":61,"column":14},"end":{"line":61,"column":49}}]},"26":{"type":"branch","line":63,"loc":{"start":{"line":63,"column":21},"end":{"line":63,"column":54}},"locations":[{"start":{"line":63,"column":21},"end":{"line":63,"column":54}}]},"27":{"type":"branch","line":64,"loc":{"start":{"line":64,"column":16},"end":{"line":64,"column":44}},"locations":[{"start":{"line":64,"column":16},"end":{"line":64,"column":44}}]},"28":{"type":"branch","line":66,"loc":{"start":{"line":66,"column":21},"end":{"line":66,"column":51}},"locations":[{"start":{"line":66,"column":21},"end":{"line":66,"column":51}}]},"29":{"type":"branch","line":71,"loc":{"start":{"line":71,"column":21},"end":{"line":98,"column":3}},"locations":[{"start":{"line":71,"column":21},"end":{"line":98,"column":3}}]},"30":{"type":"branch","line":77,"loc":{"start":{"line":77,"column":12},"end":{"line":77,"column":41}},"locations":[{"start":{"line":77,"column":12},"end":{"line":77,"column":41}}]},"31":{"type":"branch","line":78,"loc":{"start":{"line":78,"column":12},"end":{"line":81,"column":7}},"locations":[{"start":{"line":78,"column":12},"end":{"line":81,"column":7}}]},"32":{"type":"branch","line":82,"loc":{"start":{"line":82,"column":12},"end":{"line":82,"column":41}},"locations":[{"start":{"line":82,"column":12},"end":{"line":82,"column":41}}]},"33":{"type":"branch","line":83,"loc":{"start":{"line":83,"column":12},"end":{"line":91,"column":7}},"locations":[{"start":{"line":83,"column":12},"end":{"line":91,"column":7}}]},"34":{"type":"branch","line":85,"loc":{"start":{"line":85,"column":51},"end":{"line":88,"column":10}},"locations":[{"start":{"line":85,"column":51},"end":{"line":88,"column":10}}]},"35":{"type":"branch","line":87,"loc":{"start":{"line":87,"column":33},"end":{"line":87,"column":66}},"locations":[{"start":{"line":87,"column":33},"end":{"line":87,"column":66}}]},"36":{"type":"branch","line":95,"loc":{"start":{"line":95,"column":15},"end":{"line":97,"column":7}},"locations":[{"start":{"line":95,"column":15},"end":{"line":97,"column":7}}]},"37":{"type":"branch","line":101,"loc":{"start":{"line":101,"column":20},"end":{"line":109,"column":3}},"locations":[{"start":{"line":101,"column":20},"end":{"line":109,"column":3}}]},"38":{"type":"branch","line":106,"loc":{"start":{"line":106,"column":4},"end":{"line":108,"column":5}},"locations":[{"start":{"line":106,"column":4},"end":{"line":108,"column":5}}]},"39":{"type":"branch","line":112,"loc":{"start":{"line":112,"column":22},"end":{"line":127,"column":3}},"locations":[{"start":{"line":112,"column":22},"end":{"line":127,"column":3}}]},"40":{"type":"branch","line":113,"loc":{"start":{"line":113,"column":22},"end":{"line":116,"column":5}},"locations":[{"start":{"line":113,"column":22},"end":{"line":116,"column":5}}]},"41":{"type":"branch","line":123,"loc":{"start":{"line":123,"column":4},"end":{"line":125,"column":5}},"locations":[{"start":{"line":123,"column":4},"end":{"line":125,"column":5}}]},"42":{"type":"branch","line":158,"loc":{"start":{"line":158,"column":18},"end":{"line":172,"column":3}},"locations":[{"start":{"line":158,"column":18},"end":{"line":172,"column":3}}]},"43":{"type":"branch","line":169,"loc":{"start":{"line":169,"column":4},"end":{"line":171,"column":5}},"locations":[{"start":{"line":169,"column":4},"end":{"line":171,"column":5}}]},"44":{"type":"branch","line":306,"loc":{"start":{"line":306,"column":12},"end":{"line":308,"column":5}},"locations":[{"start":{"line":306,"column":12},"end":{"line":308,"column":5}}]},"45":{"type":"branch","line":310,"loc":{"start":{"line":310,"column":12},"end":{"line":317,"column":5}},"locations":[{"start":{"line":310,"column":12},"end":{"line":317,"column":5}}]},"46":{"type":"branch","line":311,"loc":{"start":{"line":311,"column":21},"end":{"line":313,"column":11}},"locations":[{"start":{"line":311,"column":21},"end":{"line":313,"column":11}}]},"47":{"type":"branch","line":319,"loc":{"start":{"line":319,"column":12},"end":{"line":327,"column":5}},"locations":[{"start":{"line":319,"column":12},"end":{"line":327,"column":5}}]},"48":{"type":"branch","line":322,"loc":{"start":{"line":322,"column":40},"end":{"line":322,"column":49}},"locations":[{"start":{"line":322,"column":40},"end":{"line":322,"column":49}}]},"49":{"type":"branch","line":325,"loc":{"start":{"line":325,"column":39},"end":{"line":325,"column":49}},"locations":[{"start":{"line":325,"column":39},"end":{"line":325,"column":49}}]},"50":{"type":"branch","line":330,"loc":{"start":{"line":330,"column":24},"end":{"line":342,"column":3}},"locations":[{"start":{"line":330,"column":24},"end":{"line":342,"column":3}}]},"51":{"type":"branch","line":331,"loc":{"start":{"line":331,"column":15},"end":{"line":331,"column":26}},"locations":[{"start":{"line":331,"column":15},"end":{"line":331,"column":26}}]},"52":{"type":"branch","line":331,"loc":{"start":{"line":331,"column":22},"end":{"line":332,"column":27}},"locations":[{"start":{"line":331,"column":22},"end":{"line":332,"column":27}}]},"53":{"type":"branch","line":332,"loc":{"start":{"line":332,"column":27},"end":{"line":334,"column":5}},"locations":[{"start":{"line":332,"column":27},"end":{"line":334,"column":5}}]},"54":{"type":"branch","line":334,"loc":{"start":{"line":334,"column":4},"end":{"line":340,"column":13}},"locations":[{"start":{"line":334,"column":4},"end":{"line":340,"column":13}}]},"55":{"type":"branch","line":339,"loc":{"start":{"line":339,"column":19},"end":{"line":339,"column":110}},"locations":[{"start":{"line":339,"column":19},"end":{"line":339,"column":110}}]},"56":{"type":"branch","line":339,"loc":{"start":{"line":339,"column":48},"end":{"line":339,"column":82}},"locations":[{"start":{"line":339,"column":48},"end":{"line":339,"column":82}}]},"57":{"type":"branch","line":339,"loc":{"start":{"line":339,"column":72},"end":{"line":339,"column":110}},"locations":[{"start":{"line":339,"column":72},"end":{"line":339,"column":110}}]},"58":{"type":"branch","line":345,"loc":{"start":{"line":345,"column":26},"end":{"line":421,"column":12}},"locations":[{"start":{"line":345,"column":26},"end":{"line":421,"column":12}}]},"59":{"type":"branch","line":357,"loc":{"start":{"line":357,"column":19},"end":{"line":418,"column":21}},"locations":[{"start":{"line":357,"column":19},"end":{"line":418,"column":21}}]},"60":{"type":"branch","line":386,"loc":{"start":{"line":386,"column":31},"end":{"line":386,"column":46}},"locations":[{"start":{"line":386,"column":31},"end":{"line":386,"column":46}}]},"61":{"type":"branch","line":386,"loc":{"start":{"line":386,"column":56},"end":{"line":386,"column":74}},"locations":[{"start":{"line":386,"column":56},"end":{"line":386,"column":74}}]},"62":{"type":"branch","line":387,"loc":{"start":{"line":387,"column":28},"end":{"line":387,"column":45}},"locations":[{"start":{"line":387,"column":28},"end":{"line":387,"column":45}}]},"63":{"type":"branch","line":393,"loc":{"start":{"line":393,"column":28},"end":{"line":393,"column":48}},"locations":[{"start":{"line":393,"column":28},"end":{"line":393,"column":48}}]},"64":{"type":"branch","line":393,"loc":{"start":{"line":393,"column":39},"end":{"line":393,"column":50}},"locations":[{"start":{"line":393,"column":39},"end":{"line":393,"column":50}}]},"65":{"type":"branch","line":395,"loc":{"start":{"line":395,"column":28},"end":{"line":395,"column":51}},"locations":[{"start":{"line":395,"column":28},"end":{"line":395,"column":51}}]},"66":{"type":"branch","line":395,"loc":{"start":{"line":395,"column":39},"end":{"line":395,"column":53}},"locations":[{"start":{"line":395,"column":39},"end":{"line":395,"column":53}}]},"67":{"type":"branch","line":365,"loc":{"start":{"line":365,"column":34},"end":{"line":379,"column":27}},"locations":[{"start":{"line":365,"column":34},"end":{"line":379,"column":27}}]},"68":{"type":"branch","line":369,"loc":{"start":{"line":369,"column":40},"end":{"line":370,"column":70}},"locations":[{"start":{"line":369,"column":40},"end":{"line":370,"column":70}}]},"69":{"type":"branch","line":425,"loc":{"start":{"line":425,"column":25},"end":{"line":469,"column":10}},"locations":[{"start":{"line":425,"column":25},"end":{"line":469,"column":10}}]},"70":{"type":"branch","line":441,"loc":{"start":{"line":441,"column":24},"end":{"line":441,"column":31}},"locations":[{"start":{"line":441,"column":24},"end":{"line":441,"column":31}}]},"71":{"type":"branch","line":477,"loc":{"start":{"line":477,"column":27},"end":{"line":477,"column":57}},"locations":[{"start":{"line":477,"column":27},"end":{"line":477,"column":57}}]},"72":{"type":"branch","line":494,"loc":{"start":{"line":494,"column":28},"end":{"line":494,"column":66}},"locations":[{"start":{"line":494,"column":28},"end":{"line":494,"column":66}}]},"73":{"type":"branch","line":495,"loc":{"start":{"line":495,"column":30},"end":{"line":495,"column":72}},"locations":[{"start":{"line":495,"column":30},"end":{"line":495,"column":72}}]},"74":{"type":"branch","line":495,"loc":{"start":{"line":495,"column":47},"end":{"line":495,"column":72}},"locations":[{"start":{"line":495,"column":47},"end":{"line":495,"column":72}}]},"75":{"type":"branch","line":512,"loc":{"start":{"line":512,"column":26},"end":{"line":515,"column":31}},"locations":[{"start":{"line":512,"column":26},"end":{"line":515,"column":31}}]},"76":{"type":"branch","line":582,"loc":{"start":{"line":582,"column":24},"end":{"line":582,"column":81}},"locations":[{"start":{"line":582,"column":24},"end":{"line":582,"column":81}}]},"77":{"type":"branch","line":588,"loc":{"start":{"line":588,"column":24},"end":{"line":588,"column":80}},"locations":[{"start":{"line":588,"column":24},"end":{"line":588,"column":80}}]}},"b":{"0":[70],"1":[4],"2":[4],"3":[5],"4":[65],"5":[0],"6":[0],"7":[0],"8":[0],"9":[0],"10":[0],"11":[0],"12":[0],"13":[0],"14":[0],"15":[0],"16":[0],"17":[0],"18":[0],"19":[0],"20":[0],"21":[0],"22":[0],"23":[0],"24":[2],"25":[0],"26":[0],"27":[0],"28":[0],"29":[2],"30":[2],"31":[2],"32":[2],"33":[2],"34":[20],"35":[1734],"36":[2],"37":[2],"38":[0],"39":[1],"40":[0],"41":[0],"42":[1],"43":[0],"44":[2],"45":[2],"46":[0],"47":[4],"48":[2],"49":[2],"50":[762],"51":[140],"52":[622],"53":[301],"54":[321],"55":[441],"56":[60],"57":[381],"58":[65],"59":[622],"60":[620],"61":[620],"62":[620],"63":[621],"64":[1],"65":[621],"66":[1],"67":[1739],"68":[0],"69":[70],"70":[0],"71":[1],"72":[32],"73":[33],"74":[1],"75":[640],"76":[8],"77":[18]},"fnMap":{"0":{"name":"PostsManager","decl":{"start":{"line":29,"column":21},"end":{"line":706,"column":1}},"loc":{"start":{"line":29,"column":21},"end":{"line":706,"column":1}},"line":29},"1":{"name":"updateURL","decl":{"start":{"line":59,"column":20},"end":{"line":68,"column":3}},"loc":{"start":{"line":59,"column":20},"end":{"line":68,"column":3}},"line":59},"2":{"name":"fetchPosts","decl":{"start":{"line":71,"column":21},"end":{"line":98,"column":3}},"loc":{"start":{"line":71,"column":21},"end":{"line":98,"column":3}},"line":71},"3":{"name":"fetchTags","decl":{"start":{"line":101,"column":20},"end":{"line":109,"column":3}},"loc":{"start":{"line":101,"column":20},"end":{"line":109,"column":3}},"line":101},"4":{"name":"searchPosts","decl":{"start":{"line":112,"column":22},"end":{"line":127,"column":3}},"loc":{"start":{"line":112,"column":22},"end":{"line":127,"column":3}},"line":112},"5":{"name":"fetchPostsByTag","decl":{"start":{"line":130,"column":26},"end":{"line":155,"column":3}},"loc":{"start":{"line":130,"column":26},"end":{"line":155,"column":3}},"line":130},"6":{"name":"addPost","decl":{"start":{"line":158,"column":18},"end":{"line":172,"column":3}},"loc":{"start":{"line":158,"column":18},"end":{"line":172,"column":3}},"line":158},"7":{"name":"updatePost","decl":{"start":{"line":175,"column":21},"end":{"line":188,"column":3}},"loc":{"start":{"line":175,"column":21},"end":{"line":188,"column":3}},"line":175},"8":{"name":"deletePost","decl":{"start":{"line":191,"column":21},"end":{"line":200,"column":3}},"loc":{"start":{"line":191,"column":21},"end":{"line":200,"column":3}},"line":191},"9":{"name":"fetchComments","decl":{"start":{"line":203,"column":24},"end":{"line":212,"column":3}},"loc":{"start":{"line":203,"column":24},"end":{"line":212,"column":3}},"line":203},"10":{"name":"addComment","decl":{"start":{"line":215,"column":21},"end":{"line":232,"column":3}},"loc":{"start":{"line":215,"column":21},"end":{"line":232,"column":3}},"line":215},"11":{"name":"updateComment","decl":{"start":{"line":235,"column":24},"end":{"line":251,"column":3}},"loc":{"start":{"line":235,"column":24},"end":{"line":251,"column":3}},"line":235},"12":{"name":"deleteComment","decl":{"start":{"line":254,"column":24},"end":{"line":266,"column":3}},"loc":{"start":{"line":254,"column":24},"end":{"line":266,"column":3}},"line":254},"13":{"name":"likeComment","decl":{"start":{"line":269,"column":22},"end":{"line":285,"column":3}},"loc":{"start":{"line":269,"column":22},"end":{"line":285,"column":3}},"line":269},"14":{"name":"openPostDetail","decl":{"start":{"line":288,"column":25},"end":{"line":292,"column":3}},"loc":{"start":{"line":288,"column":25},"end":{"line":292,"column":3}},"line":288},"15":{"name":"openUserModal","decl":{"start":{"line":295,"column":24},"end":{"line":304,"column":3}},"loc":{"start":{"line":295,"column":24},"end":{"line":304,"column":3}},"line":295},"16":{"name":"highlightText","decl":{"start":{"line":330,"column":24},"end":{"line":342,"column":3}},"loc":{"start":{"line":330,"column":24},"end":{"line":342,"column":3}},"line":330},"17":{"name":"renderPostTable","decl":{"start":{"line":345,"column":26},"end":{"line":421,"column":12}},"loc":{"start":{"line":345,"column":26},"end":{"line":421,"column":12}},"line":345},"18":{"name":"onClick","decl":{"start":{"line":373,"column":31},"end":{"line":376,"column":24}},"loc":{"start":{"line":373,"column":31},"end":{"line":376,"column":24}},"line":373},"19":{"name":"onClick","decl":{"start":{"line":385,"column":83},"end":{"line":385,"column":117}},"loc":{"start":{"line":385,"column":83},"end":{"line":385,"column":117}},"line":385},"20":{"name":"onClick","decl":{"start":{"line":400,"column":59},"end":{"line":400,"column":87}},"loc":{"start":{"line":400,"column":59},"end":{"line":400,"column":87}},"line":400},"21":{"name":"onClick","decl":{"start":{"line":406,"column":27},"end":{"line":409,"column":20}},"loc":{"start":{"line":406,"column":27},"end":{"line":409,"column":20}},"line":406},"22":{"name":"onClick","decl":{"start":{"line":413,"column":59},"end":{"line":413,"column":86}},"loc":{"start":{"line":413,"column":59},"end":{"line":413,"column":86}},"line":413},"23":{"name":"renderComments","decl":{"start":{"line":425,"column":25},"end":{"line":469,"column":10}},"loc":{"start":{"line":425,"column":25},"end":{"line":469,"column":10}},"line":425},"24":{"name":"onClick","decl":{"start":{"line":431,"column":19},"end":{"line":434,"column":12}},"loc":{"start":{"line":431,"column":19},"end":{"line":434,"column":12}},"line":431},"25":{"name":"onClick","decl":{"start":{"line":477,"column":27},"end":{"line":477,"column":57}},"loc":{"start":{"line":477,"column":27},"end":{"line":477,"column":57}},"line":477},"26":{"name":"onChange","decl":{"start":{"line":494,"column":28},"end":{"line":494,"column":66}},"loc":{"start":{"line":494,"column":28},"end":{"line":494,"column":66}},"line":494},"27":{"name":"onKeyPress","decl":{"start":{"line":495,"column":30},"end":{"line":495,"column":72}},"loc":{"start":{"line":495,"column":30},"end":{"line":495,"column":72}},"line":495},"28":{"name":"onValueChange","decl":{"start":{"line":501,"column":29},"end":{"line":505,"column":16}},"loc":{"start":{"line":501,"column":29},"end":{"line":505,"column":16}},"line":501},"29":{"name":"onValueChange","decl":{"start":{"line":548,"column":62},"end":{"line":548,"column":98}},"loc":{"start":{"line":548,"column":62},"end":{"line":548,"column":98}},"line":548},"30":{"name":"onClick","decl":{"start":{"line":561,"column":53},"end":{"line":561,"column":95}},"loc":{"start":{"line":561,"column":53},"end":{"line":561,"column":95}},"line":561},"31":{"name":"onClick","decl":{"start":{"line":564,"column":64},"end":{"line":564,"column":93}},"loc":{"start":{"line":564,"column":64},"end":{"line":564,"column":93}},"line":564},"32":{"name":"onChange","decl":{"start":{"line":582,"column":24},"end":{"line":582,"column":81}},"loc":{"start":{"line":582,"column":24},"end":{"line":582,"column":81}},"line":582},"33":{"name":"onChange","decl":{"start":{"line":588,"column":24},"end":{"line":588,"column":80}},"loc":{"start":{"line":588,"column":24},"end":{"line":588,"column":80}},"line":588},"34":{"name":"onChange","decl":{"start":{"line":594,"column":24},"end":{"line":594,"column":90}},"loc":{"start":{"line":594,"column":24},"end":{"line":594,"column":90}},"line":594},"35":{"name":"onChange","decl":{"start":{"line":611,"column":24},"end":{"line":611,"column":91}},"loc":{"start":{"line":611,"column":24},"end":{"line":611,"column":91}},"line":611},"36":{"name":"onChange","decl":{"start":{"line":617,"column":24},"end":{"line":617,"column":90}},"loc":{"start":{"line":617,"column":24},"end":{"line":617,"column":90}},"line":617},"37":{"name":"onChange","decl":{"start":{"line":634,"column":24},"end":{"line":634,"column":86}},"loc":{"start":{"line":634,"column":24},"end":{"line":634,"column":86}},"line":634},"38":{"name":"onChange","decl":{"start":{"line":651,"column":24},"end":{"line":651,"column":96}},"loc":{"start":{"line":651,"column":24},"end":{"line":651,"column":96}},"line":651}},"f":{"0":70,"1":2,"2":2,"3":2,"4":1,"5":0,"6":1,"7":0,"8":0,"9":0,"10":0,"11":0,"12":0,"13":0,"14":0,"15":0,"16":762,"17":65,"18":0,"19":0,"20":0,"21":0,"22":0,"23":70,"24":0,"25":1,"26":32,"27":33,"28":0,"29":0,"30":0,"31":0,"32":8,"33":18,"34":0,"35":0,"36":0,"37":0,"38":0}}
,"C:\\Users\\FE\\personal\\항해\\front_5th_chapter2-3\\src\\shared\\ui\\Button.tsx": {"path":"C:\\Users\\FE\\personal\\항해\\front_5th_chapter2-3\\src\\shared\\ui\\Button.tsx","all":false,"statementMap":{"0":{"start":{"line":1,"column":0},"end":{"line":1,"column":60}},"1":{"start":{"line":2,"column":0},"end":{"line":2,"column":34}},"3":{"start":{"line":4,"column":0},"end":{"line":4,"column":27}},"4":{"start":{"line":5,"column":0},"end":{"line":5,"column":265}},"5":{"start":{"line":6,"column":0},"end":{"line":6,"column":3}},"6":{"start":{"line":7,"column":0},"end":{"line":7,"column":15}},"7":{"start":{"line":8,"column":0},"end":{"line":8,"column":16}},"8":{"start":{"line":9,"column":0},"end":{"line":9,"column":60}},"9":{"start":{"line":10,"column":0},"end":{"line":10,"column":62}},"10":{"start":{"line":11,"column":0},"end":{"line":11,"column":89}},"11":{"start":{"line":12,"column":0},"end":{"line":12,"column":65}},"12":{"start":{"line":13,"column":0},"end":{"line":13,"column":64}},"13":{"start":{"line":14,"column":0},"end":{"line":14,"column":65}},"14":{"start":{"line":15,"column":0},"end":{"line":15,"column":8}},"15":{"start":{"line":16,"column":0},"end":{"line":16,"column":13}},"16":{"start":{"line":17,"column":0},"end":{"line":17,"column":34}},"17":{"start":{"line":18,"column":0},"end":{"line":18,"column":42}},"18":{"start":{"line":19,"column":0},"end":{"line":19,"column":35}},"19":{"start":{"line":20,"column":0},"end":{"line":20,"column":24}},"20":{"start":{"line":21,"column":0},"end":{"line":21,"column":8}},"21":{"start":{"line":22,"column":0},"end":{"line":22,"column":6}},"22":{"start":{"line":23,"column":0},"end":{"line":23,"column":22}},"23":{"start":{"line":24,"column":0},"end":{"line":24,"column":25}},"24":{"start":{"line":25,"column":0},"end":{"line":25,"column":22}},"25":{"start":{"line":26,"column":0},"end":{"line":26,"column":6}},"26":{"start":{"line":27,"column":0},"end":{"line":27,"column":4}},"27":{"start":{"line":28,"column":0},"end":{"line":28,"column":1}},"33":{"start":{"line":34,"column":0},"end":{"line":34,"column":115}},"34":{"start":{"line":35,"column":0},"end":{"line":35,"column":97}},"35":{"start":{"line":36,"column":0},"end":{"line":36,"column":2}},"37":{"start":{"line":38,"column":0},"end":{"line":38,"column":29}}},"s":{"0":1,"1":1,"3":1,"4":1,"5":1,"6":1,"7":1,"8":1,"9":1,"10":1,"11":1,"12":1,"13":1,"14":1,"15":1,"16":1,"17":1,"18":1,"19":1,"20":1,"21":1,"22":1,"23":1,"24":1,"25":1,"26":1,"27":1,"33":1,"34":2104,"35":2104,"37":1},"branchMap":{"0":{"type":"branch","line":34,"loc":{"start":{"line":34,"column":65},"end":{"line":36,"column":2}},"locations":[{"start":{"line":34,"column":65},"end":{"line":36,"column":2}}]}},"b":{"0":[2104]},"fnMap":{},"f":{}}
,"C:\\Users\\FE\\personal\\항해\\front_5th_chapter2-3\\src\\shared\\ui\\Card.tsx": {"path":"C:\\Users\\FE\\personal\\항해\\front_5th_chapter2-3\\src\\shared\\ui\\Card.tsx","all":false,"statementMap":{"0":{"start":{"line":1,"column":0},"end":{"line":1,"column":34}},"3":{"start":{"line":4,"column":0},"end":{"line":4,"column":106}},"4":{"start":{"line":5,"column":0},"end":{"line":5,"column":114}},"5":{"start":{"line":6,"column":0},"end":{"line":6,"column":2}},"6":{"start":{"line":7,"column":0},"end":{"line":7,"column":25}},"8":{"start":{"line":9,"column":0},"end":{"line":9,"column":112}},"9":{"start":{"line":10,"column":0},"end":{"line":10,"column":87}},"10":{"start":{"line":11,"column":0},"end":{"line":11,"column":2}},"11":{"start":{"line":12,"column":0},"end":{"line":12,"column":37}},"13":{"start":{"line":14,"column":0},"end":{"line":14,"column":115}},"14":{"start":{"line":15,"column":0},"end":{"line":15,"column":107}},"15":{"start":{"line":16,"column":0},"end":{"line":16,"column":2}},"16":{"start":{"line":17,"column":0},"end":{"line":17,"column":35}},"18":{"start":{"line":19,"column":0},"end":{"line":19,"column":113}},"19":{"start":{"line":20,"column":0},"end":{"line":20,"column":66}},"20":{"start":{"line":21,"column":0},"end":{"line":21,"column":2}},"21":{"start":{"line":22,"column":0},"end":{"line":22,"column":39}}},"s":{"0":1,"3":1,"4":70,"5":1,"6":1,"8":1,"9":70,"10":1,"11":1,"13":1,"14":70,"15":1,"16":1,"18":1,"19":70,"20":1,"21":1},"branchMap":{"0":{"type":"branch","line":4,"loc":{"start":{"line":4,"column":71},"end":{"line":5,"column":114}},"locations":[{"start":{"line":4,"column":71},"end":{"line":5,"column":114}}]},"1":{"type":"branch","line":9,"loc":{"start":{"line":9,"column":77},"end":{"line":10,"column":87}},"locations":[{"start":{"line":9,"column":77},"end":{"line":10,"column":87}}]},"2":{"type":"branch","line":14,"loc":{"start":{"line":14,"column":80},"end":{"line":15,"column":107}},"locations":[{"start":{"line":14,"column":80},"end":{"line":15,"column":107}}]},"3":{"type":"branch","line":19,"loc":{"start":{"line":19,"column":78},"end":{"line":20,"column":66}},"locations":[{"start":{"line":19,"column":78},"end":{"line":20,"column":66}}]}},"b":{"0":[70],"1":[70],"2":[70],"3":[70]},"fnMap":{},"f":{}}
,"C:\\Users\\FE\\personal\\항해\\front_5th_chapter2-3\\src\\shared\\ui\\Dialog.tsx": {"path":"C:\\Users\\FE\\personal\\항해\\front_5th_chapter2-3\\src\\shared\\ui\\Dialog.tsx","all":false,"statementMap":{"0":{"start":{"line":1,"column":0},"end":{"line":1,"column":32}},"1":{"start":{"line":2,"column":0},"end":{"line":2,"column":57}},"2":{"start":{"line":3,"column":0},"end":{"line":3,"column":41}},"5":{"start":{"line":6,"column":0},"end":{"line":6,"column":42}},"6":{"start":{"line":7,"column":0},"end":{"line":7,"column":52}},"7":{"start":{"line":8,"column":0},"end":{"line":8,"column":50}},"8":{"start":{"line":9,"column":0},"end":{"line":9,"column":52}},"10":{"start":{"line":11,"column":0},"end":{"line":11,"column":107}},"11":{"start":{"line":12,"column":0},"end":{"line":12,"column":47}},"12":{"start":{"line":13,"column":0},"end":{"line":13,"column":18}},"13":{"start":{"line":14,"column":0},"end":{"line":14,"column":186}},"14":{"start":{"line":15,"column":0},"end":{"line":15,"column":30}},"15":{"start":{"line":16,"column":0},"end":{"line":16,"column":17}},"16":{"start":{"line":17,"column":0},"end":{"line":17,"column":547}},"17":{"start":{"line":18,"column":0},"end":{"line":18,"column":18}},"19":{"start":{"line":20,"column":0},"end":{"line":20,"column":18}},"20":{"start":{"line":21,"column":0},"end":{"line":21,"column":313}},"21":{"start":{"line":22,"column":0},"end":{"line":22,"column":35}},"22":{"start":{"line":23,"column":0},"end":{"line":23,"column":45}},"23":{"start":{"line":24,"column":0},"end":{"line":24,"column":32}},"24":{"start":{"line":25,"column":0},"end":{"line":25,"column":32}},"25":{"start":{"line":26,"column":0},"end":{"line":26,"column":19}},"27":{"start":{"line":28,"column":0},"end":{"line":28,"column":1}},"28":{"start":{"line":29,"column":0},"end":{"line":29,"column":63}},"30":{"start":{"line":31,"column":0},"end":{"line":31,"column":114}},"31":{"start":{"line":32,"column":0},"end":{"line":32,"column":108}},"32":{"start":{"line":33,"column":0},"end":{"line":33,"column":2}},"33":{"start":{"line":34,"column":0},"end":{"line":34,"column":41}},"35":{"start":{"line":36,"column":0},"end":{"line":36,"column":117}},"36":{"start":{"line":37,"column":0},"end":{"line":37,"column":24}},"37":{"start":{"line":38,"column":0},"end":{"line":38,"column":13}},"38":{"start":{"line":39,"column":0},"end":{"line":39,"column":80}},"39":{"start":{"line":40,"column":0},"end":{"line":40,"column":14}},"40":{"start":{"line":41,"column":0},"end":{"line":41,"column":4}},"41":{"start":{"line":42,"column":0},"end":{"line":42,"column":2}},"42":{"start":{"line":43,"column":0},"end":{"line":43,"column":59}}},"s":{"0":1,"1":1,"2":1,"5":1,"6":1,"7":1,"8":1,"10":1,"11":1,"12":420,"13":420,"14":420,"15":420,"16":420,"17":420,"19":420,"20":420,"21":420,"22":420,"23":420,"24":420,"25":420,"27":1,"28":1,"30":1,"31":28,"32":1,"33":1,"35":1,"36":28,"37":28,"38":28,"39":28,"40":28,"41":28,"42":1},"branchMap":{"0":{"type":"branch","line":12,"loc":{"start":{"line":12,"column":2},"end":{"line":26,"column":19}},"locations":[{"start":{"line":12,"column":2},"end":{"line":26,"column":19}}]},"1":{"type":"branch","line":31,"loc":{"start":{"line":31,"column":79},"end":{"line":32,"column":108}},"locations":[{"start":{"line":31,"column":79},"end":{"line":32,"column":108}}]},"2":{"type":"branch","line":36,"loc":{"start":{"line":36,"column":82},"end":{"line":42,"column":2}},"locations":[{"start":{"line":36,"column":82},"end":{"line":42,"column":2}}]}},"b":{"0":[420],"1":[28],"2":[28]},"fnMap":{},"f":{}}
,"C:\\Users\\FE\\personal\\항해\\front_5th_chapter2-3\\src\\shared\\ui\\Input.tsx": {"path":"C:\\Users\\FE\\personal\\항해\\front_5th_chapter2-3\\src\\shared\\ui\\Input.tsx","all":false,"statementMap":{"0":{"start":{"line":1,"column":0},"end":{"line":1,"column":34}},"3":{"start":{"line":4,"column":0},"end":{"line":4,"column":32}},"9":{"start":{"line":10,"column":0},"end":{"line":10,"column":43}},"10":{"start":{"line":11,"column":0},"end":{"line":11,"column":10}},"11":{"start":{"line":12,"column":0},"end":{"line":12,"column":10}},"12":{"start":{"line":13,"column":0},"end":{"line":13,"column":17}},"13":{"start":{"line":14,"column":0},"end":{"line":14,"column":376}},"14":{"start":{"line":15,"column":0},"end":{"line":15,"column":15}},"15":{"start":{"line":16,"column":0},"end":{"line":16,"column":16}},"16":{"start":{"line":17,"column":0},"end":{"line":17,"column":6}},"18":{"start":{"line":19,"column":0},"end":{"line":19,"column":2}},"19":{"start":{"line":20,"column":0},"end":{"line":20,"column":27}}},"s":{"0":1,"3":1,"9":1,"10":126,"11":126,"12":126,"13":126,"14":126,"15":126,"16":126,"18":126,"19":1},"branchMap":{"0":{"type":"branch","line":10,"loc":{"start":{"line":10,"column":2},"end":{"line":19,"column":2}},"locations":[{"start":{"line":10,"column":2},"end":{"line":19,"column":2}}]}},"b":{"0":[126]},"fnMap":{},"f":{}}
,"C:\\Users\\FE\\personal\\항해\\front_5th_chapter2-3\\src\\shared\\ui\\Select.tsx": {"path":"C:\\Users\\FE\\personal\\항해\\front_5th_chapter2-3\\src\\shared\\ui\\Select.tsx","all":false,"statementMap":{"0":{"start":{"line":1,"column":0},"end":{"line":1,"column":57}},"1":{"start":{"line":2,"column":0},"end":{"line":2,"column":49}},"2":{"start":{"line":3,"column":0},"end":{"line":3,"column":34}},"5":{"start":{"line":6,"column":0},"end":{"line":6,"column":42}},"6":{"start":{"line":7,"column":0},"end":{"line":7,"column":48}},"7":{"start":{"line":8,"column":0},"end":{"line":8,"column":48}},"9":{"start":{"line":10,"column":0},"end":{"line":10,"column":111}},"10":{"start":{"line":11,"column":0},"end":{"line":11,"column":47}},"11":{"start":{"line":12,"column":0},"end":{"line":12,"column":28}},"12":{"start":{"line":13,"column":0},"end":{"line":13,"column":15}},"13":{"start":{"line":14,"column":0},"end":{"line":14,"column":302}},"14":{"start":{"line":15,"column":0},"end":{"line":15,"column":16}},"16":{"start":{"line":17,"column":0},"end":{"line":17,"column":16}},"17":{"start":{"line":18,"column":0},"end":{"line":18,"column":52}},"18":{"start":{"line":19,"column":0},"end":{"line":19,"column":30}},"20":{"start":{"line":21,"column":0},"end":{"line":21,"column":1}},"21":{"start":{"line":22,"column":0},"end":{"line":22,"column":63}},"23":{"start":{"line":24,"column":0},"end":{"line":24,"column":40}},"26":{"start":{"line":27,"column":0},"end":{"line":27,"column":68}},"27":{"start":{"line":28,"column":0},"end":{"line":28,"column":26}},"28":{"start":{"line":29,"column":0},"end":{"line":29,"column":28}},"29":{"start":{"line":30,"column":0},"end":{"line":30,"column":15}},"30":{"start":{"line":31,"column":0},"end":{"line":31,"column":473}},"31":{"start":{"line":32,"column":0},"end":{"line":32,"column":25}},"32":{"start":{"line":33,"column":0},"end":{"line":33,"column":16}},"34":{"start":{"line":35,"column":0},"end":{"line":35,"column":85}},"35":{"start":{"line":36,"column":0},"end":{"line":36,"column":30}},"36":{"start":{"line":37,"column":0},"end":{"line":37,"column":27}},"37":{"start":{"line":38,"column":0},"end":{"line":38,"column":2}},"38":{"start":{"line":39,"column":0},"end":{"line":39,"column":63}},"40":{"start":{"line":41,"column":0},"end":{"line":41,"column":120}},"41":{"start":{"line":42,"column":0},"end":{"line":42,"column":47}},"42":{"start":{"line":43,"column":0},"end":{"line":43,"column":25}},"43":{"start":{"line":44,"column":0},"end":{"line":44,"column":15}},"44":{"start":{"line":45,"column":0},"end":{"line":45,"column":250}},"45":{"start":{"line":46,"column":0},"end":{"line":46,"column":16}},"47":{"start":{"line":48,"column":0},"end":{"line":48,"column":85}},"48":{"start":{"line":49,"column":0},"end":{"line":49,"column":39}},"49":{"start":{"line":50,"column":0},"end":{"line":50,"column":39}},"50":{"start":{"line":51,"column":0},"end":{"line":51,"column":40}},"51":{"start":{"line":52,"column":0},"end":{"line":52,"column":13}},"52":{"start":{"line":53,"column":0},"end":{"line":53,"column":69}},"53":{"start":{"line":54,"column":0},"end":{"line":54,"column":27}},"55":{"start":{"line":56,"column":0},"end":{"line":56,"column":1}},"56":{"start":{"line":57,"column":0},"end":{"line":57,"column":57}}},"s":{"0":1,"1":1,"2":1,"5":1,"6":1,"7":1,"9":1,"10":1,"11":280,"12":280,"13":280,"14":280,"16":280,"17":280,"18":280,"20":1,"21":1,"23":1,"26":1,"27":280,"28":280,"29":280,"30":280,"31":280,"32":280,"34":280,"35":280,"36":280,"37":1,"38":1,"40":1,"41":1,"42":1320,"43":1320,"44":1320,"45":1320,"47":1320,"48":1320,"49":1320,"50":1320,"51":1320,"52":1320,"53":1320,"55":1,"56":1},"branchMap":{"0":{"type":"branch","line":11,"loc":{"start":{"line":11,"column":2},"end":{"line":19,"column":30}},"locations":[{"start":{"line":11,"column":2},"end":{"line":19,"column":30}}]},"1":{"type":"branch","line":27,"loc":{"start":{"line":27,"column":2},"end":{"line":37,"column":27}},"locations":[{"start":{"line":27,"column":2},"end":{"line":37,"column":27}}]},"2":{"type":"branch","line":42,"loc":{"start":{"line":42,"column":2},"end":{"line":54,"column":27}},"locations":[{"start":{"line":42,"column":2},"end":{"line":54,"column":27}}]}},"b":{"0":[280],"1":[280],"2":[1320]},"fnMap":{},"f":{}}
,"C:\\Users\\FE\\personal\\항해\\front_5th_chapter2-3\\src\\shared\\ui\\Table.tsx": {"path":"C:\\Users\\FE\\personal\\항해\\front_5th_chapter2-3\\src\\shared\\ui\\Table.tsx","all":false,"statementMap":{"0":{"start":{"line":1,"column":0},"end":{"line":1,"column":34}},"3":{"start":{"line":4,"column":0},"end":{"line":4,"column":109}},"4":{"start":{"line":5,"column":0},"end":{"line":5,"column":40}},"5":{"start":{"line":6,"column":0},"end":{"line":6,"column":103}},"6":{"start":{"line":7,"column":0},"end":{"line":7,"column":8}},"7":{"start":{"line":8,"column":0},"end":{"line":8,"column":2}},"8":{"start":{"line":9,"column":0},"end":{"line":9,"column":27}},"10":{"start":{"line":11,"column":0},"end":{"line":11,"column":87}},"11":{"start":{"line":12,"column":0},"end":{"line":12,"column":110}},"12":{"start":{"line":13,"column":0},"end":{"line":13,"column":1}},"13":{"start":{"line":14,"column":0},"end":{"line":14,"column":39}},"15":{"start":{"line":16,"column":0},"end":{"line":16,"column":120}},"16":{"start":{"line":17,"column":0},"end":{"line":17,"column":86}},"17":{"start":{"line":18,"column":0},"end":{"line":18,"column":2}},"18":{"start":{"line":19,"column":0},"end":{"line":19,"column":35}},"20":{"start":{"line":21,"column":0},"end":{"line":21,"column":115}},"21":{"start":{"line":22,"column":0},"end":{"line":22,"column":5}},"22":{"start":{"line":23,"column":0},"end":{"line":23,"column":13}},"23":{"start":{"line":24,"column":0},"end":{"line":24,"column":111}},"24":{"start":{"line":25,"column":0},"end":{"line":25,"column":14}},"25":{"start":{"line":26,"column":0},"end":{"line":26,"column":4}},"26":{"start":{"line":27,"column":0},"end":{"line":27,"column":2}},"27":{"start":{"line":28,"column":0},"end":{"line":28,"column":33}},"29":{"start":{"line":30,"column":0},"end":{"line":30,"column":117}},"30":{"start":{"line":31,"column":0},"end":{"line":31,"column":5}},"31":{"start":{"line":32,"column":0},"end":{"line":32,"column":13}},"32":{"start":{"line":33,"column":0},"end":{"line":33,"column":127}},"33":{"start":{"line":34,"column":0},"end":{"line":34,"column":14}},"34":{"start":{"line":35,"column":0},"end":{"line":35,"column":4}},"35":{"start":{"line":36,"column":0},"end":{"line":36,"column":2}},"36":{"start":{"line":37,"column":0},"end":{"line":37,"column":35}},"38":{"start":{"line":39,"column":0},"end":{"line":39,"column":117}},"39":{"start":{"line":40,"column":0},"end":{"line":40,"column":103}},"40":{"start":{"line":41,"column":0},"end":{"line":41,"column":2}},"41":{"start":{"line":42,"column":0},"end":{"line":42,"column":35}}},"s":{"0":1,"3":1,"4":65,"5":65,"6":65,"7":1,"8":1,"10":1,"11":1,"12":1,"13":1,"15":1,"16":65,"17":1,"18":1,"20":1,"21":687,"22":687,"23":687,"24":687,"25":687,"26":687,"27":1,"29":1,"30":325,"31":325,"32":325,"33":325,"34":325,"35":325,"36":1,"38":1,"39":3110,"40":1,"41":1},"branchMap":{"0":{"type":"branch","line":4,"loc":{"start":{"line":4,"column":74},"end":{"line":7,"column":8}},"locations":[{"start":{"line":4,"column":74},"end":{"line":7,"column":8}}]},"1":{"type":"branch","line":12,"loc":{"start":{"line":12,"column":2},"end":{"line":12,"column":110}},"locations":[{"start":{"line":12,"column":2},"end":{"line":12,"column":110}}]},"2":{"type":"branch","line":16,"loc":{"start":{"line":16,"column":85},"end":{"line":17,"column":86}},"locations":[{"start":{"line":16,"column":85},"end":{"line":17,"column":86}}]},"3":{"type":"branch","line":21,"loc":{"start":{"line":21,"column":80},"end":{"line":27,"column":2}},"locations":[{"start":{"line":21,"column":80},"end":{"line":27,"column":2}}]},"4":{"type":"branch","line":30,"loc":{"start":{"line":30,"column":82},"end":{"line":36,"column":2}},"locations":[{"start":{"line":30,"column":82},"end":{"line":36,"column":2}}]},"5":{"type":"branch","line":39,"loc":{"start":{"line":39,"column":82},"end":{"line":40,"column":103}},"locations":[{"start":{"line":39,"column":82},"end":{"line":40,"column":103}}]}},"b":{"0":[65],"1":[65],"2":[65],"3":[687],"4":[325],"5":[3110]},"fnMap":{},"f":{}}
,"C:\\Users\\FE\\personal\\항해\\front_5th_chapter2-3\\src\\shared\\ui\\Textarea.tsx": {"path":"C:\\Users\\FE\\personal\\항해\\front_5th_chapter2-3\\src\\shared\\ui\\Textarea.tsx","all":false,"statementMap":{"0":{"start":{"line":1,"column":0},"end":{"line":1,"column":34}},"3":{"start":{"line":4,"column":0},"end":{"line":4,"column":115}},"4":{"start":{"line":5,"column":0},"end":{"line":5,"column":10}},"5":{"start":{"line":6,"column":0},"end":{"line":6,"column":13}},"6":{"start":{"line":7,"column":0},"end":{"line":7,"column":321}},"7":{"start":{"line":8,"column":0},"end":{"line":8,"column":15}},"8":{"start":{"line":9,"column":0},"end":{"line":9,"column":16}},"9":{"start":{"line":10,"column":0},"end":{"line":10,"column":6}},"11":{"start":{"line":12,"column":0},"end":{"line":12,"column":2}},"12":{"start":{"line":13,"column":0},"end":{"line":13,"column":33}}},"s":{"0":1,"3":1,"4":28,"5":28,"6":28,"7":28,"8":28,"9":28,"11":28,"12":1},"branchMap":{"0":{"type":"branch","line":4,"loc":{"start":{"line":4,"column":80},"end":{"line":12,"column":2}},"locations":[{"start":{"line":4,"column":80},"end":{"line":12,"column":2}}]}},"b":{"0":[28]},"fnMap":{},"f":{}}
,"C:\\Users\\FE\\personal\\항해\\front_5th_chapter2-3\\src\\shared\\ui\\index.ts": {"path":"C:\\Users\\FE\\personal\\항해\\front_5th_chapter2-3\\src\\shared\\ui\\index.ts","all":false,"statementMap":{"0":{"start":{"line":1,"column":0},"end":{"line":1,"column":24}},"1":{"start":{"line":2,"column":0},"end":{"line":2,"column":24}},"2":{"start":{"line":3,"column":0},"end":{"line":3,"column":23}},"3":{"start":{"line":4,"column":0},"end":{"line":4,"column":24}},"4":{"start":{"line":5,"column":0},"end":{"line":5,"column":23}},"5":{"start":{"line":6,"column":0},"end":{"line":6,"column":26}},"6":{"start":{"line":7,"column":0},"end":{"line":7,"column":22}}},"s":{"0":1,"1":1,"2":1,"3":1,"4":1,"5":1,"6":1},"branchMap":{},"b":{},"fnMap":{},"f":{}}
,"C:\\Users\\FE\\personal\\항해\\front_5th_chapter2-3\\src\\widgets\\ui\\Footer.tsx": {"path":"C:\\Users\\FE\\personal\\항해\\front_5th_chapter2-3\\src\\widgets\\ui\\Footer.tsx","all":true,"statementMap":{"0":{"start":{"line":1,"column":0},"end":{"line":1,"column":26}},"1":{"start":{"line":2,"column":0},"end":{"line":2,"column":0}},"2":{"start":{"line":3,"column":0},"end":{"line":3,"column":32}},"3":{"start":{"line":4,"column":0},"end":{"line":4,"column":12}},"4":{"start":{"line":5,"column":0},"end":{"line":5,"column":64}},"5":{"start":{"line":6,"column":0},"end":{"line":6,"column":59}},"6":{"start":{"line":7,"column":0},"end":{"line":7,"column":79}},"7":{"start":{"line":8,"column":0},"end":{"line":8,"column":18}},"8":{"start":{"line":9,"column":0},"end":{"line":9,"column":17}},"9":{"start":{"line":10,"column":0},"end":{"line":10,"column":6}},"10":{"start":{"line":11,"column":0},"end":{"line":11,"column":2}},"11":{"start":{"line":12,"column":0},"end":{"line":12,"column":0}},"12":{"start":{"line":13,"column":0},"end":{"line":13,"column":22}}},"s":{"0":0,"1":0,"2":0,"3":0,"4":0,"5":0,"6":0,"7":0,"8":0,"9":0,"10":0,"11":0,"12":0},"branchMap":{"0":{"type":"branch","line":1,"loc":{"start":{"line":1,"column":0},"end":{"line":13,"column":22}},"locations":[{"start":{"line":1,"column":0},"end":{"line":13,"column":22}}]}},"b":{"0":[0]},"fnMap":{"0":{"name":"(empty-report)","decl":{"start":{"line":1,"column":0},"end":{"line":13,"column":22}},"loc":{"start":{"line":1,"column":0},"end":{"line":13,"column":22}},"line":1}},"f":{"0":0}}
,"C:\\Users\\FE\\personal\\항해\\front_5th_chapter2-3\\src\\widgets\\ui\\Header.tsx": {"path":"C:\\Users\\FE\\personal\\항해\\front_5th_chapter2-3\\src\\widgets\\ui\\Header.tsx","all":true,"statementMap":{"0":{"start":{"line":1,"column":0},"end":{"line":1,"column":26}},"1":{"start":{"line":2,"column":0},"end":{"line":2,"column":45}},"2":{"start":{"line":3,"column":0},"end":{"line":3,"column":0}},"3":{"start":{"line":4,"column":0},"end":{"line":4,"column":32}},"4":{"start":{"line":5,"column":0},"end":{"line":5,"column":12}},"5":{"start":{"line":6,"column":0},"end":{"line":6,"column":65}},"6":{"start":{"line":7,"column":0},"end":{"line":7,"column":81}},"7":{"start":{"line":8,"column":0},"end":{"line":8,"column":61}},"8":{"start":{"line":9,"column":0},"end":{"line":9,"column":57}},"9":{"start":{"line":10,"column":0},"end":{"line":10,"column":69}},"10":{"start":{"line":11,"column":0},"end":{"line":11,"column":22}},"11":{"start":{"line":12,"column":0},"end":{"line":12,"column":21}},"12":{"start":{"line":13,"column":0},"end":{"line":13,"column":51}},"13":{"start":{"line":14,"column":0},"end":{"line":14,"column":78}},"14":{"start":{"line":15,"column":0},"end":{"line":15,"column":81}},"15":{"start":{"line":16,"column":0},"end":{"line":16,"column":79}},"16":{"start":{"line":17,"column":0},"end":{"line":17,"column":25}},"17":{"start":{"line":18,"column":0},"end":{"line":18,"column":22}},"18":{"start":{"line":19,"column":0},"end":{"line":19,"column":18}},"19":{"start":{"line":20,"column":0},"end":{"line":20,"column":17}},"20":{"start":{"line":21,"column":0},"end":{"line":21,"column":6}},"21":{"start":{"line":22,"column":0},"end":{"line":22,"column":2}},"22":{"start":{"line":23,"column":0},"end":{"line":23,"column":0}},"23":{"start":{"line":24,"column":0},"end":{"line":24,"column":22}}},"s":{"0":0,"1":0,"2":0,"3":0,"4":0,"5":0,"6":0,"7":0,"8":0,"9":0,"10":0,"11":0,"12":0,"13":0,"14":0,"15":0,"16":0,"17":0,"18":0,"19":0,"20":0,"21":0,"22":0,"23":0},"branchMap":{"0":{"type":"branch","line":1,"loc":{"start":{"line":1,"column":0},"end":{"line":24,"column":22}},"locations":[{"start":{"line":1,"column":0},"end":{"line":24,"column":22}}]}},"b":{"0":[0]},"fnMap":{"0":{"name":"(empty-report)","decl":{"start":{"line":1,"column":0},"end":{"line":24,"column":22}},"loc":{"start":{"line":1,"column":0},"end":{"line":24,"column":22}},"line":1}},"f":{"0":0}}
}
